{"/Users/patrickkaiser/IdeaProjects/lrt-webapp/backend/server.js": {"path":"/Users/patrickkaiser/IdeaProjects/lrt-webapp/backend/server.js","statementMap":{"0":{"start":{"line":1,"column":22},"end":{"line":1,"column":37}},"1":{"start":{"line":3,"column":22},"end":{"line":3,"column":40}},"2":{"start":{"line":4,"column":22},"end":{"line":4,"column":41}},"3":{"start":{"line":5,"column":22},"end":{"line":5,"column":37}},"4":{"start":{"line":6,"column":22},"end":{"line":6,"column":39}},"5":{"start":{"line":7,"column":22},"end":{"line":7,"column":39}},"6":{"start":{"line":8,"column":22},"end":{"line":8,"column":51}},"7":{"start":{"line":9,"column":22},"end":{"line":9,"column":44}},"8":{"start":{"line":11,"column":22},"end":{"line":11,"column":44}},"9":{"start":{"line":12,"column":22},"end":{"line":12,"column":54}},"10":{"start":{"line":13,"column":22},"end":{"line":13,"column":57}},"11":{"start":{"line":14,"column":30},"end":{"line":14,"column":71}},"12":{"start":{"line":15,"column":0},"end":{"line":15,"column":27}},"13":{"start":{"line":17,"column":12},"end":{"line":17,"column":21}},"14":{"start":{"line":20,"column":0},"end":{"line":20,"column":76}},"15":{"start":{"line":23,"column":0},"end":{"line":23,"column":18}},"16":{"start":{"line":26,"column":0},"end":{"line":26,"column":23}},"17":{"start":{"line":29,"column":0},"end":{"line":32,"column":3}},"18":{"start":{"line":31,"column":2},"end":{"line":31,"column":9}},"19":{"start":{"line":35,"column":16},"end":{"line":39,"column":2}},"20":{"start":{"line":40,"column":0},"end":{"line":42,"column":1}},"21":{"start":{"line":41,"column":2},"end":{"line":41,"column":28}},"22":{"start":{"line":45,"column":21},"end":{"line":49,"column":2}},"23":{"start":{"line":50,"column":0},"end":{"line":50,"column":41}},"24":{"start":{"line":53,"column":23},"end":{"line":55,"column":29}},"25":{"start":{"line":56,"column":0},"end":{"line":64,"column":4}},"26":{"start":{"line":58,"column":4},"end":{"line":58,"column":45}},"27":{"start":{"line":58,"column":17},"end":{"line":58,"column":45}},"28":{"start":{"line":59,"column":4},"end":{"line":61,"column":5}},"29":{"start":{"line":60,"column":6},"end":{"line":60,"column":78}},"30":{"start":{"line":62,"column":4},"end":{"line":62,"column":32}},"31":{"start":{"line":67,"column":0},"end":{"line":76,"column":3}},"32":{"start":{"line":68,"column":18},"end":{"line":68,"column":48}},"33":{"start":{"line":69,"column":19},"end":{"line":69,"column":98}},"34":{"start":{"line":70,"column":2},"end":{"line":75,"column":5}},"35":{"start":{"line":79,"column":0},"end":{"line":79,"column":41}},"36":{"start":{"line":82,"column":0},"end":{"line":82,"column":18}},"37":{"start":{"line":85,"column":0},"end":{"line":85,"column":21}},"38":{"start":{"line":88,"column":0},"end":{"line":88,"column":26}},"39":{"start":{"line":91,"column":0},"end":{"line":91,"column":27}},"40":{"start":{"line":94,"column":0},"end":{"line":94,"column":53}},"41":{"start":{"line":95,"column":0},"end":{"line":95,"column":61}},"42":{"start":{"line":96,"column":0},"end":{"line":96,"column":63}},"43":{"start":{"line":97,"column":0},"end":{"line":97,"column":73}},"44":{"start":{"line":98,"column":0},"end":{"line":98,"column":63}},"45":{"start":{"line":99,"column":0},"end":{"line":99,"column":63}},"46":{"start":{"line":100,"column":0},"end":{"line":100,"column":58}},"47":{"start":{"line":101,"column":0},"end":{"line":101,"column":59}},"48":{"start":{"line":102,"column":0},"end":{"line":102,"column":55}},"49":{"start":{"line":103,"column":0},"end":{"line":103,"column":65}},"50":{"start":{"line":104,"column":0},"end":{"line":104,"column":65}},"51":{"start":{"line":107,"column":0},"end":{"line":107,"column":56}},"52":{"start":{"line":110,"column":0},"end":{"line":112,"column":3}},"53":{"start":{"line":111,"column":2},"end":{"line":111,"column":58}},"54":{"start":{"line":115,"column":0},"end":{"line":118,"column":3}},"55":{"start":{"line":116,"column":2},"end":{"line":116,"column":38}},"56":{"start":{"line":117,"column":2},"end":{"line":117,"column":59}},"57":{"start":{"line":121,"column":0},"end":{"line":129,"column":1}},"58":{"start":{"line":122,"column":2},"end":{"line":128,"column":7}},"59":{"start":{"line":123,"column":4},"end":{"line":123,"column":22}},"60":{"start":{"line":124,"column":17},"end":{"line":124,"column":41}},"61":{"start":{"line":125,"column":4},"end":{"line":127,"column":6}},"62":{"start":{"line":126,"column":8},"end":{"line":126,"column":55}},"63":{"start":{"line":132,"column":0},"end":{"line":132,"column":21}},"64":{"start":{"line":136,"column":0},"end":{"line":139,"column":3}},"65":{"start":{"line":137,"column":2},"end":{"line":137,"column":48}},"66":{"start":{"line":138,"column":2},"end":{"line":138,"column":18}}},"fnMap":{"0":{"name":"(anonymous_0)","decl":{"start":{"line":29,"column":8},"end":{"line":29,"column":9}},"loc":{"start":{"line":29,"column":28},"end":{"line":32,"column":1}},"line":29},"1":{"name":"(anonymous_1)","decl":{"start":{"line":57,"column":10},"end":{"line":57,"column":11}},"loc":{"start":{"line":57,"column":32},"end":{"line":63,"column":3}},"line":57},"2":{"name":"(anonymous_2)","decl":{"start":{"line":67,"column":23},"end":{"line":67,"column":24}},"loc":{"start":{"line":67,"column":43},"end":{"line":76,"column":1}},"line":67},"3":{"name":"(anonymous_3)","decl":{"start":{"line":110,"column":8},"end":{"line":110,"column":9}},"loc":{"start":{"line":110,"column":22},"end":{"line":112,"column":1}},"line":110},"4":{"name":"(anonymous_4)","decl":{"start":{"line":115,"column":8},"end":{"line":115,"column":9}},"loc":{"start":{"line":115,"column":34},"end":{"line":118,"column":1}},"line":115},"5":{"name":"(anonymous_5)","decl":{"start":{"line":122,"column":3},"end":{"line":122,"column":4}},"loc":{"start":{"line":122,"column":15},"end":{"line":128,"column":3}},"line":122},"6":{"name":"(anonymous_6)","decl":{"start":{"line":125,"column":21},"end":{"line":125,"column":22}},"loc":{"start":{"line":126,"column":8},"end":{"line":126,"column":55}},"line":126},"7":{"name":"(anonymous_7)","decl":{"start":{"line":136,"column":33},"end":{"line":136,"column":34}},"loc":{"start":{"line":136,"column":40},"end":{"line":139,"column":1}},"line":136}},"branchMap":{"0":{"loc":{"start":{"line":20,"column":15},"end":{"line":20,"column":73}},"type":"cond-expr","locations":[{"start":{"line":20,"column":55},"end":{"line":20,"column":65}},{"start":{"line":20,"column":68},"end":{"line":20,"column":73}}],"line":20},"1":{"loc":{"start":{"line":40,"column":0},"end":{"line":42,"column":1}},"type":"if","locations":[{"start":{"line":40,"column":0},"end":{"line":42,"column":1}},{"start":{},"end":{}}],"line":40},"2":{"loc":{"start":{"line":53,"column":23},"end":{"line":55,"column":29}},"type":"cond-expr","locations":[{"start":{"line":54,"column":4},"end":{"line":54,"column":39}},{"start":{"line":55,"column":4},"end":{"line":55,"column":29}}],"line":53},"3":{"loc":{"start":{"line":58,"column":4},"end":{"line":58,"column":45}},"type":"if","locations":[{"start":{"line":58,"column":4},"end":{"line":58,"column":45}},{"start":{},"end":{}}],"line":58},"4":{"loc":{"start":{"line":59,"column":4},"end":{"line":61,"column":5}},"type":"if","locations":[{"start":{"line":59,"column":4},"end":{"line":61,"column":5}},{"start":{},"end":{}}],"line":59},"5":{"loc":{"start":{"line":69,"column":19},"end":{"line":69,"column":98}},"type":"binary-expr","locations":[{"start":{"line":69,"column":19},"end":{"line":69,"column":85}},{"start":{"line":69,"column":89},"end":{"line":69,"column":98}}],"line":69},"6":{"loc":{"start":{"line":121,"column":0},"end":{"line":129,"column":1}},"type":"if","locations":[{"start":{"line":121,"column":0},"end":{"line":129,"column":1}},{"start":{},"end":{}}],"line":121},"7":{"loc":{"start":{"line":124,"column":17},"end":{"line":124,"column":41}},"type":"binary-expr","locations":[{"start":{"line":124,"column":17},"end":{"line":124,"column":33}},{"start":{"line":124,"column":37},"end":{"line":124,"column":41}}],"line":124}},"s":{"0":2,"1":2,"2":2,"3":2,"4":2,"5":2,"6":2,"7":2,"8":2,"9":2,"10":2,"11":2,"12":2,"13":2,"14":2,"15":2,"16":2,"17":2,"18":1,"19":2,"20":2,"21":0,"22":2,"23":2,"24":2,"25":2,"26":1,"27":1,"28":0,"29":0,"30":0,"31":2,"32":1,"33":1,"34":1,"35":2,"36":2,"37":2,"38":2,"39":2,"40":2,"41":2,"42":2,"43":2,"44":2,"45":2,"46":2,"47":2,"48":2,"49":2,"50":2,"51":2,"52":2,"53":0,"54":2,"55":0,"56":0,"57":2,"58":0,"59":0,"60":0,"61":0,"62":0,"63":2,"64":2,"65":0,"66":0},"f":{"0":1,"1":1,"2":1,"3":0,"4":0,"5":0,"6":0,"7":0},"b":{"0":[0,2],"1":[0,2],"2":[2,0],"3":[1,0],"4":[0,0],"5":[1,0],"6":[0,2],"7":[0,0]},"_coverageSchema":"1a1c01bbd47fc00a2c39e90264f33305004495a9","hash":"e60e7ec4f6ddc44f4db60122fd2f2684bb57c1c7"}
,"/Users/patrickkaiser/IdeaProjects/lrt-webapp/backend/swagger.js": {"path":"/Users/patrickkaiser/IdeaProjects/lrt-webapp/backend/swagger.js","statementMap":{"0":{"start":{"line":2,"column":23},"end":{"line":2,"column":47}},"1":{"start":{"line":3,"column":22},"end":{"line":3,"column":51}},"2":{"start":{"line":5,"column":38},"end":{"line":5,"column":66}},"3":{"start":{"line":7,"column":16},"end":{"line":73,"column":1}},"4":{"start":{"line":75,"column":13},"end":{"line":75,"column":34}},"5":{"start":{"line":77,"column":0},"end":{"line":103,"column":2}},"6":{"start":{"line":79,"column":2},"end":{"line":82,"column":5}},"7":{"start":{"line":80,"column":4},"end":{"line":80,"column":54}},"8":{"start":{"line":81,"column":4},"end":{"line":81,"column":19}},"9":{"start":{"line":85,"column":2},"end":{"line":102,"column":4}}},"fnMap":{"0":{"name":"(anonymous_0)","decl":{"start":{"line":77,"column":17},"end":{"line":77,"column":18}},"loc":{"start":{"line":77,"column":26},"end":{"line":103,"column":1}},"line":77},"1":{"name":"(anonymous_1)","decl":{"start":{"line":79,"column":28},"end":{"line":79,"column":29}},"loc":{"start":{"line":79,"column":42},"end":{"line":82,"column":3}},"line":79}},"branchMap":{"0":{"loc":{"start":{"line":16,"column":16},"end":{"line":16,"column":63}},"type":"binary-expr","locations":[{"start":{"line":16,"column":16},"end":{"line":16,"column":36}},{"start":{"line":16,"column":40},"end":{"line":16,"column":63}}],"line":16}},"s":{"0":2,"1":2,"2":2,"3":2,"4":2,"5":2,"6":2,"7":0,"8":0,"9":2},"f":{"0":2,"1":0},"b":{"0":[2,2]},"_coverageSchema":"1a1c01bbd47fc00a2c39e90264f33305004495a9","hash":"ad8e838dd5c2c4bd22372d3d070d4bcc6e072df9"}
,"/Users/patrickkaiser/IdeaProjects/lrt-webapp/backend/config/db.js": {"path":"/Users/patrickkaiser/IdeaProjects/lrt-webapp/backend/config/db.js","statementMap":{"0":{"start":{"line":1,"column":17},"end":{"line":1,"column":36}},"1":{"start":{"line":3,"column":18},"end":{"line":13,"column":1}},"2":{"start":{"line":4,"column":2},"end":{"line":12,"column":3}},"3":{"start":{"line":5,"column":4},"end":{"line":5,"column":50}},"4":{"start":{"line":6,"column":4},"end":{"line":6,"column":68}},"5":{"start":{"line":8,"column":4},"end":{"line":8,"column":54}},"6":{"start":{"line":10,"column":4},"end":{"line":11,"column":19}},"7":{"start":{"line":10,"column":33},"end":{"line":10,"column":49}},"8":{"start":{"line":11,"column":9},"end":{"line":11,"column":19}},"9":{"start":{"line":16,"column":0},"end":{"line":16,"column":27}}},"fnMap":{"0":{"name":"(anonymous_0)","decl":{"start":{"line":3,"column":18},"end":{"line":3,"column":19}},"loc":{"start":{"line":3,"column":30},"end":{"line":13,"column":1}},"line":3}},"branchMap":{"0":{"loc":{"start":{"line":10,"column":4},"end":{"line":11,"column":19}},"type":"if","locations":[{"start":{"line":10,"column":4},"end":{"line":11,"column":19}},{"start":{"line":11,"column":9},"end":{"line":11,"column":19}}],"line":10}},"s":{"0":2,"1":2,"2":0,"3":0,"4":0,"5":0,"6":0,"7":0,"8":0,"9":2},"f":{"0":0},"b":{"0":[0,0]},"_coverageSchema":"1a1c01bbd47fc00a2c39e90264f33305004495a9","hash":"4cfaa45cde5be999bb0282395c026cbc07d6c91a"}
,"/Users/patrickkaiser/IdeaProjects/lrt-webapp/backend/controllers/adminController.js": {"path":"/Users/patrickkaiser/IdeaProjects/lrt-webapp/backend/controllers/adminController.js","statementMap":{"0":{"start":{"line":1,"column":11},"end":{"line":1,"column":24}},"1":{"start":{"line":2,"column":13},"end":{"line":2,"column":28}},"2":{"start":{"line":3,"column":13},"end":{"line":3,"column":28}},"3":{"start":{"line":5,"column":13},"end":{"line":5,"column":58}},"4":{"start":{"line":6,"column":15},"end":{"line":6,"column":32}},"5":{"start":{"line":7,"column":17},"end":{"line":7,"column":36}},"6":{"start":{"line":9,"column":13},"end":{"line":9,"column":38}},"7":{"start":{"line":10,"column":17},"end":{"line":10,"column":46}},"8":{"start":{"line":11,"column":23},"end":{"line":11,"column":58}},"9":{"start":{"line":12,"column":18},"end":{"line":12,"column":48}},"10":{"start":{"line":13,"column":16},"end":{"line":13,"column":44}},"11":{"start":{"line":14,"column":21},"end":{"line":14,"column":52}},"12":{"start":{"line":15,"column":21},"end":{"line":15,"column":53}},"13":{"start":{"line":19,"column":23},"end":{"line":19,"column":66}},"14":{"start":{"line":19,"column":29},"end":{"line":19,"column":66}},"15":{"start":{"line":21,"column":21},"end":{"line":21,"column":92}},"16":{"start":{"line":21,"column":27},"end":{"line":21,"column":92}},"17":{"start":{"line":21,"column":47},"end":{"line":21,"column":92}},"18":{"start":{"line":23,"column":0},"end":{"line":30,"column":3}},"19":{"start":{"line":24,"column":18},"end":{"line":24,"column":70}},"20":{"start":{"line":25,"column":2},"end":{"line":27,"column":3}},"21":{"start":{"line":26,"column":4},"end":{"line":26,"column":65}},"22":{"start":{"line":29,"column":2},"end":{"line":29,"column":39}},"23":{"start":{"line":32,"column":0},"end":{"line":40,"column":3}},"24":{"start":{"line":33,"column":22},"end":{"line":33,"column":30}},"25":{"start":{"line":34,"column":14},"end":{"line":38,"column":3}},"26":{"start":{"line":39,"column":2},"end":{"line":39,"column":43}},"27":{"start":{"line":42,"column":0},"end":{"line":52,"column":3}},"28":{"start":{"line":43,"column":19},"end":{"line":43,"column":29}},"29":{"start":{"line":44,"column":22},"end":{"line":44,"column":30}},"30":{"start":{"line":45,"column":15},"end":{"line":49,"column":3}},"31":{"start":{"line":50,"column":2},"end":{"line":50,"column":83}},"32":{"start":{"line":50,"column":13},"end":{"line":50,"column":83}},"33":{"start":{"line":51,"column":2},"end":{"line":51,"column":17}},"34":{"start":{"line":54,"column":0},"end":{"line":72,"column":3}},"35":{"start":{"line":56,"column":20},"end":{"line":56,"column":83}},"36":{"start":{"line":58,"column":20},"end":{"line":58,"column":66}},"37":{"start":{"line":59,"column":18},"end":{"line":59,"column":61}},"38":{"start":{"line":62,"column":2},"end":{"line":62,"column":56}},"39":{"start":{"line":65,"column":14},"end":{"line":65,"column":77}},"40":{"start":{"line":66,"column":2},"end":{"line":66,"column":18}},"41":{"start":{"line":68,"column":2},"end":{"line":71,"column":5}},"42":{"start":{"line":75,"column":0},"end":{"line":114,"column":3}},"43":{"start":{"line":77,"column":20},"end":{"line":77,"column":83}},"44":{"start":{"line":79,"column":2},"end":{"line":113,"column":3}},"45":{"start":{"line":81,"column":4},"end":{"line":81,"column":40}},"46":{"start":{"line":84,"column":20},"end":{"line":84,"column":56}},"47":{"start":{"line":85,"column":4},"end":{"line":87,"column":5}},"48":{"start":{"line":86,"column":6},"end":{"line":86,"column":72}},"49":{"start":{"line":90,"column":18},"end":{"line":96,"column":5}},"50":{"start":{"line":92,"column":25},"end":{"line":92,"column":51}},"51":{"start":{"line":93,"column":19},"end":{"line":93,"column":51}},"52":{"start":{"line":94,"column":8},"end":{"line":94,"column":41}},"53":{"start":{"line":99,"column":4},"end":{"line":99,"column":44}},"54":{"start":{"line":99,"column":25},"end":{"line":99,"column":42}},"55":{"start":{"line":100,"column":19},"end":{"line":100,"column":27}},"56":{"start":{"line":103,"column":4},"end":{"line":106,"column":7}},"57":{"start":{"line":108,"column":4},"end":{"line":108,"column":46}},"58":{"start":{"line":109,"column":4},"end":{"line":111,"column":5}},"59":{"start":{"line":110,"column":6},"end":{"line":110,"column":82}},"60":{"start":{"line":112,"column":4},"end":{"line":112,"column":79}},"61":{"start":{"line":117,"column":0},"end":{"line":125,"column":3}},"62":{"start":{"line":118,"column":48},"end":{"line":123,"column":4}},"63":{"start":{"line":124,"column":2},"end":{"line":124,"column":69}},"64":{"start":{"line":128,"column":0},"end":{"line":155,"column":3}},"65":{"start":{"line":129,"column":49},"end":{"line":129,"column":57}},"66":{"start":{"line":130,"column":2},"end":{"line":132,"column":3}},"67":{"start":{"line":131,"column":4},"end":{"line":131,"column":72}},"68":{"start":{"line":134,"column":17},"end":{"line":134,"column":49}},"69":{"start":{"line":135,"column":2},"end":{"line":137,"column":3}},"70":{"start":{"line":136,"column":4},"end":{"line":136,"column":78}},"71":{"start":{"line":139,"column":21},"end":{"line":139,"column":23}},"72":{"start":{"line":140,"column":20},"end":{"line":140,"column":59}},"73":{"start":{"line":142,"column":15},"end":{"line":147,"column":4}},"74":{"start":{"line":149,"column":2},"end":{"line":149,"column":20}},"75":{"start":{"line":151,"column":2},"end":{"line":154,"column":5}},"76":{"start":{"line":159,"column":0},"end":{"line":166,"column":3}},"77":{"start":{"line":160,"column":17},"end":{"line":160,"column":27}},"78":{"start":{"line":161,"column":18},"end":{"line":161,"column":50}},"79":{"start":{"line":162,"column":2},"end":{"line":164,"column":3}},"80":{"start":{"line":163,"column":4},"end":{"line":163,"column":67}},"81":{"start":{"line":165,"column":2},"end":{"line":165,"column":66}},"82":{"start":{"line":169,"column":0},"end":{"line":172,"column":3}},"83":{"start":{"line":170,"column":16},"end":{"line":170,"column":68}},"84":{"start":{"line":171,"column":2},"end":{"line":171,"column":18}},"85":{"start":{"line":175,"column":0},"end":{"line":182,"column":3}},"86":{"start":{"line":176,"column":17},"end":{"line":176,"column":27}},"87":{"start":{"line":177,"column":15},"end":{"line":177,"column":38}},"88":{"start":{"line":178,"column":2},"end":{"line":178,"column":75}},"89":{"start":{"line":178,"column":13},"end":{"line":178,"column":75}},"90":{"start":{"line":179,"column":2},"end":{"line":179,"column":31}},"91":{"start":{"line":180,"column":2},"end":{"line":180,"column":20}},"92":{"start":{"line":181,"column":2},"end":{"line":181,"column":63}},"93":{"start":{"line":185,"column":0},"end":{"line":203,"column":3}},"94":{"start":{"line":186,"column":17},"end":{"line":186,"column":27}},"95":{"start":{"line":187,"column":15},"end":{"line":187,"column":38}},"96":{"start":{"line":188,"column":2},"end":{"line":188,"column":75}},"97":{"start":{"line":188,"column":13},"end":{"line":188,"column":75}},"98":{"start":{"line":191,"column":16},"end":{"line":191,"column":32}},"99":{"start":{"line":194,"column":22},"end":{"line":194,"column":24}},"100":{"start":{"line":195,"column":22},"end":{"line":195,"column":58}},"101":{"start":{"line":198,"column":2},"end":{"line":198,"column":27}},"102":{"start":{"line":199,"column":2},"end":{"line":199,"column":20}},"103":{"start":{"line":202,"column":2},"end":{"line":202,"column":67}},"104":{"start":{"line":206,"column":0},"end":{"line":239,"column":3}},"105":{"start":{"line":207,"column":2},"end":{"line":238,"column":3}},"106":{"start":{"line":208,"column":27},"end":{"line":208,"column":75}},"107":{"start":{"line":209,"column":16},"end":{"line":232,"column":6}},"108":{"start":{"line":233,"column":19},"end":{"line":233,"column":61}},"109":{"start":{"line":233,"column":32},"end":{"line":233,"column":60}},"110":{"start":{"line":234,"column":19},"end":{"line":234,"column":40}},"111":{"start":{"line":234,"column":32},"end":{"line":234,"column":39}},"112":{"start":{"line":235,"column":4},"end":{"line":235,"column":33}},"113":{"start":{"line":237,"column":4},"end":{"line":237,"column":75}}},"fnMap":{"0":{"name":"(anonymous_0)","decl":{"start":{"line":19,"column":23},"end":{"line":19,"column":24}},"loc":{"start":{"line":19,"column":29},"end":{"line":19,"column":66}},"line":19},"1":{"name":"(anonymous_1)","decl":{"start":{"line":21,"column":21},"end":{"line":21,"column":22}},"loc":{"start":{"line":21,"column":27},"end":{"line":21,"column":92}},"line":21},"2":{"name":"(anonymous_2)","decl":{"start":{"line":21,"column":27},"end":{"line":21,"column":28}},"loc":{"start":{"line":21,"column":47},"end":{"line":21,"column":92}},"line":21},"3":{"name":"(anonymous_3)","decl":{"start":{"line":23,"column":35},"end":{"line":23,"column":36}},"loc":{"start":{"line":23,"column":55},"end":{"line":30,"column":1}},"line":23},"4":{"name":"(anonymous_4)","decl":{"start":{"line":32,"column":41},"end":{"line":32,"column":42}},"loc":{"start":{"line":32,"column":61},"end":{"line":40,"column":1}},"line":32},"5":{"name":"(anonymous_5)","decl":{"start":{"line":42,"column":34},"end":{"line":42,"column":35}},"loc":{"start":{"line":42,"column":54},"end":{"line":52,"column":1}},"line":42},"6":{"name":"(anonymous_6)","decl":{"start":{"line":54,"column":38},"end":{"line":54,"column":39}},"loc":{"start":{"line":54,"column":58},"end":{"line":72,"column":1}},"line":54},"7":{"name":"(anonymous_7)","decl":{"start":{"line":75,"column":33},"end":{"line":75,"column":34}},"loc":{"start":{"line":75,"column":53},"end":{"line":114,"column":1}},"line":75},"8":{"name":"(anonymous_8)","decl":{"start":{"line":91,"column":18},"end":{"line":91,"column":19}},"loc":{"start":{"line":91,"column":32},"end":{"line":95,"column":7}},"line":91},"9":{"name":"(anonymous_9)","decl":{"start":{"line":99,"column":15},"end":{"line":99,"column":16}},"loc":{"start":{"line":99,"column":25},"end":{"line":99,"column":42}},"line":99},"10":{"name":"(anonymous_10)","decl":{"start":{"line":117,"column":32},"end":{"line":117,"column":33}},"loc":{"start":{"line":117,"column":52},"end":{"line":125,"column":1}},"line":117},"11":{"name":"(anonymous_11)","decl":{"start":{"line":128,"column":34},"end":{"line":128,"column":35}},"loc":{"start":{"line":128,"column":54},"end":{"line":155,"column":1}},"line":128},"12":{"name":"(anonymous_12)","decl":{"start":{"line":159,"column":34},"end":{"line":159,"column":35}},"loc":{"start":{"line":159,"column":54},"end":{"line":166,"column":1}},"line":159},"13":{"name":"(anonymous_13)","decl":{"start":{"line":169,"column":33},"end":{"line":169,"column":34}},"loc":{"start":{"line":169,"column":53},"end":{"line":172,"column":1}},"line":169},"14":{"name":"(anonymous_14)","decl":{"start":{"line":175,"column":35},"end":{"line":175,"column":36}},"loc":{"start":{"line":175,"column":55},"end":{"line":182,"column":1}},"line":175},"15":{"name":"(anonymous_15)","decl":{"start":{"line":185,"column":37},"end":{"line":185,"column":38}},"loc":{"start":{"line":185,"column":57},"end":{"line":203,"column":1}},"line":185},"16":{"name":"(anonymous_16)","decl":{"start":{"line":206,"column":31},"end":{"line":206,"column":32}},"loc":{"start":{"line":206,"column":51},"end":{"line":239,"column":1}},"line":206},"17":{"name":"(anonymous_17)","decl":{"start":{"line":233,"column":27},"end":{"line":233,"column":28}},"loc":{"start":{"line":233,"column":32},"end":{"line":233,"column":60}},"line":233},"18":{"name":"(anonymous_18)","decl":{"start":{"line":234,"column":27},"end":{"line":234,"column":28}},"loc":{"start":{"line":234,"column":32},"end":{"line":234,"column":39}},"line":234}},"branchMap":{"0":{"loc":{"start":{"line":25,"column":2},"end":{"line":27,"column":3}},"type":"if","locations":[{"start":{"line":25,"column":2},"end":{"line":27,"column":3}},{"start":{},"end":{}}],"line":25},"1":{"loc":{"start":{"line":50,"column":2},"end":{"line":50,"column":83}},"type":"if","locations":[{"start":{"line":50,"column":2},"end":{"line":50,"column":83}},{"start":{},"end":{}}],"line":50},"2":{"loc":{"start":{"line":56,"column":20},"end":{"line":56,"column":83}},"type":"binary-expr","locations":[{"start":{"line":56,"column":20},"end":{"line":56,"column":42}},{"start":{"line":56,"column":46},"end":{"line":56,"column":83}}],"line":56},"3":{"loc":{"start":{"line":77,"column":20},"end":{"line":77,"column":83}},"type":"binary-expr","locations":[{"start":{"line":77,"column":20},"end":{"line":77,"column":42}},{"start":{"line":77,"column":46},"end":{"line":77,"column":83}}],"line":77},"4":{"loc":{"start":{"line":85,"column":4},"end":{"line":87,"column":5}},"type":"if","locations":[{"start":{"line":85,"column":4},"end":{"line":87,"column":5}},{"start":{},"end":{}}],"line":85},"5":{"loc":{"start":{"line":109,"column":4},"end":{"line":111,"column":5}},"type":"if","locations":[{"start":{"line":109,"column":4},"end":{"line":111,"column":5}},{"start":{},"end":{}}],"line":109},"6":{"loc":{"start":{"line":130,"column":2},"end":{"line":132,"column":3}},"type":"if","locations":[{"start":{"line":130,"column":2},"end":{"line":132,"column":3}},{"start":{},"end":{}}],"line":130},"7":{"loc":{"start":{"line":130,"column":6},"end":{"line":130,"column":38}},"type":"binary-expr","locations":[{"start":{"line":130,"column":6},"end":{"line":130,"column":15}},{"start":{"line":130,"column":19},"end":{"line":130,"column":25}},{"start":{"line":130,"column":29},"end":{"line":130,"column":38}}],"line":130},"8":{"loc":{"start":{"line":135,"column":2},"end":{"line":137,"column":3}},"type":"if","locations":[{"start":{"line":135,"column":2},"end":{"line":137,"column":3}},{"start":{},"end":{}}],"line":135},"9":{"loc":{"start":{"line":162,"column":2},"end":{"line":164,"column":3}},"type":"if","locations":[{"start":{"line":162,"column":2},"end":{"line":164,"column":3}},{"start":{},"end":{}}],"line":162},"10":{"loc":{"start":{"line":178,"column":2},"end":{"line":178,"column":75}},"type":"if","locations":[{"start":{"line":178,"column":2},"end":{"line":178,"column":75}},{"start":{},"end":{}}],"line":178},"11":{"loc":{"start":{"line":188,"column":2},"end":{"line":188,"column":75}},"type":"if","locations":[{"start":{"line":188,"column":2},"end":{"line":188,"column":75}},{"start":{},"end":{}}],"line":188},"12":{"loc":{"start":{"line":233,"column":32},"end":{"line":233,"column":60}},"type":"binary-expr","locations":[{"start":{"line":233,"column":32},"end":{"line":233,"column":45}},{"start":{"line":233,"column":49},"end":{"line":233,"column":60}}],"line":233}},"s":{"0":2,"1":2,"2":2,"3":2,"4":2,"5":2,"6":2,"7":2,"8":2,"9":2,"10":2,"11":2,"12":2,"13":2,"14":0,"15":2,"16":24,"17":0,"18":2,"19":0,"20":0,"21":0,"22":0,"23":2,"24":0,"25":0,"26":0,"27":2,"28":0,"29":0,"30":0,"31":0,"32":0,"33":0,"34":2,"35":0,"36":0,"37":0,"38":0,"39":0,"40":0,"41":0,"42":2,"43":0,"44":0,"45":0,"46":0,"47":0,"48":0,"49":0,"50":0,"51":0,"52":0,"53":0,"54":0,"55":0,"56":0,"57":0,"58":0,"59":0,"60":0,"61":2,"62":0,"63":0,"64":2,"65":0,"66":0,"67":0,"68":0,"69":0,"70":0,"71":0,"72":0,"73":0,"74":0,"75":0,"76":2,"77":0,"78":0,"79":0,"80":0,"81":0,"82":2,"83":0,"84":0,"85":2,"86":0,"87":0,"88":0,"89":0,"90":0,"91":0,"92":0,"93":2,"94":0,"95":0,"96":0,"97":0,"98":0,"99":0,"100":0,"101":0,"102":0,"103":0,"104":2,"105":0,"106":0,"107":0,"108":0,"109":0,"110":0,"111":0,"112":0,"113":0},"f":{"0":0,"1":24,"2":0,"3":0,"4":0,"5":0,"6":0,"7":0,"8":0,"9":0,"10":0,"11":0,"12":0,"13":0,"14":0,"15":0,"16":0,"17":0,"18":0},"b":{"0":[0,0],"1":[0,0],"2":[0,0],"3":[0,0],"4":[0,0],"5":[0,0],"6":[0,0],"7":[0,0,0],"8":[0,0],"9":[0,0],"10":[0,0],"11":[0,0],"12":[0,0]},"_coverageSchema":"1a1c01bbd47fc00a2c39e90264f33305004495a9","hash":"50610f1653f81d7656cfdf0b8d5963d80c5c6128"}
,"/Users/patrickkaiser/IdeaProjects/lrt-webapp/backend/controllers/authController.js": {"path":"/Users/patrickkaiser/IdeaProjects/lrt-webapp/backend/controllers/authController.js","statementMap":{"0":{"start":{"line":1,"column":15},"end":{"line":1,"column":32}},"1":{"start":{"line":2,"column":12},"end":{"line":2,"column":35}},"2":{"start":{"line":4,"column":13},"end":{"line":4,"column":38}},"3":{"start":{"line":7,"column":21},"end":{"line":8,"column":49}},"4":{"start":{"line":7,"column":27},"end":{"line":8,"column":49}},"5":{"start":{"line":8,"column":2},"end":{"line":8,"column":49}},"6":{"start":{"line":10,"column":0},"end":{"line":35,"column":3}},"7":{"start":{"line":11,"column":33},"end":{"line":11,"column":41}},"8":{"start":{"line":12,"column":2},"end":{"line":13,"column":85}},"9":{"start":{"line":13,"column":4},"end":{"line":13,"column":85}},"10":{"start":{"line":15,"column":15},"end":{"line":15,"column":47}},"11":{"start":{"line":16,"column":2},"end":{"line":16,"column":89}},"12":{"start":{"line":16,"column":13},"end":{"line":16,"column":89}},"13":{"start":{"line":18,"column":16},"end":{"line":18,"column":61}},"14":{"start":{"line":19,"column":2},"end":{"line":19,"column":90}},"15":{"start":{"line":19,"column":14},"end":{"line":19,"column":90}},"16":{"start":{"line":21,"column":16},"end":{"line":25,"column":3}},"17":{"start":{"line":27,"column":2},"end":{"line":34,"column":5}},"18":{"start":{"line":37,"column":0},"end":{"line":57,"column":3}},"19":{"start":{"line":38,"column":42},"end":{"line":38,"column":50}},"20":{"start":{"line":39,"column":2},"end":{"line":40,"column":85}},"21":{"start":{"line":40,"column":4},"end":{"line":40,"column":85}},"22":{"start":{"line":42,"column":17},"end":{"line":42,"column":49}},"23":{"start":{"line":43,"column":2},"end":{"line":44,"column":76}},"24":{"start":{"line":44,"column":4},"end":{"line":44,"column":76}},"25":{"start":{"line":46,"column":15},"end":{"line":46,"column":46}},"26":{"start":{"line":47,"column":15},"end":{"line":47,"column":82}},"27":{"start":{"line":49,"column":2},"end":{"line":56,"column":5}},"28":{"start":{"line":59,"column":0},"end":{"line":63,"column":3}},"29":{"start":{"line":60,"column":15},"end":{"line":60,"column":67}},"30":{"start":{"line":61,"column":2},"end":{"line":61,"column":79}},"31":{"start":{"line":61,"column":13},"end":{"line":61,"column":79}},"32":{"start":{"line":62,"column":2},"end":{"line":62,"column":29}},"33":{"start":{"line":65,"column":0},"end":{"line":70,"column":3}},"34":{"start":{"line":66,"column":2},"end":{"line":67,"column":64}},"35":{"start":{"line":67,"column":4},"end":{"line":67,"column":64}},"36":{"start":{"line":68,"column":16},"end":{"line":68,"column":52}},"37":{"start":{"line":69,"column":2},"end":{"line":69,"column":30}},"38":{"start":{"line":72,"column":0},"end":{"line":79,"column":3}},"39":{"start":{"line":73,"column":2},"end":{"line":74,"column":64}},"40":{"start":{"line":74,"column":4},"end":{"line":74,"column":64}},"41":{"start":{"line":75,"column":17},"end":{"line":75,"column":60}},"42":{"start":{"line":76,"column":2},"end":{"line":77,"column":70}},"43":{"start":{"line":77,"column":4},"end":{"line":77,"column":70}},"44":{"start":{"line":78,"column":2},"end":{"line":78,"column":42}}},"fnMap":{"0":{"name":"(anonymous_0)","decl":{"start":{"line":7,"column":21},"end":{"line":7,"column":22}},"loc":{"start":{"line":7,"column":27},"end":{"line":8,"column":49}},"line":7},"1":{"name":"(anonymous_1)","decl":{"start":{"line":7,"column":27},"end":{"line":7,"column":28}},"loc":{"start":{"line":8,"column":2},"end":{"line":8,"column":49}},"line":8},"2":{"name":"(anonymous_2)","decl":{"start":{"line":10,"column":29},"end":{"line":10,"column":30}},"loc":{"start":{"line":10,"column":49},"end":{"line":35,"column":1}},"line":10},"3":{"name":"(anonymous_3)","decl":{"start":{"line":37,"column":32},"end":{"line":37,"column":33}},"loc":{"start":{"line":37,"column":52},"end":{"line":57,"column":1}},"line":37},"4":{"name":"(anonymous_4)","decl":{"start":{"line":59,"column":26},"end":{"line":59,"column":27}},"loc":{"start":{"line":59,"column":46},"end":{"line":63,"column":1}},"line":59},"5":{"name":"(anonymous_5)","decl":{"start":{"line":65,"column":33},"end":{"line":65,"column":34}},"loc":{"start":{"line":65,"column":53},"end":{"line":70,"column":1}},"line":65},"6":{"name":"(anonymous_6)","decl":{"start":{"line":72,"column":34},"end":{"line":72,"column":35}},"loc":{"start":{"line":72,"column":54},"end":{"line":79,"column":1}},"line":72}},"branchMap":{"0":{"loc":{"start":{"line":12,"column":2},"end":{"line":13,"column":85}},"type":"if","locations":[{"start":{"line":12,"column":2},"end":{"line":13,"column":85}},{"start":{},"end":{}}],"line":12},"1":{"loc":{"start":{"line":12,"column":6},"end":{"line":12,"column":28}},"type":"binary-expr","locations":[{"start":{"line":12,"column":6},"end":{"line":12,"column":15}},{"start":{"line":12,"column":19},"end":{"line":12,"column":28}}],"line":12},"2":{"loc":{"start":{"line":16,"column":2},"end":{"line":16,"column":89}},"type":"if","locations":[{"start":{"line":16,"column":2},"end":{"line":16,"column":89}},{"start":{},"end":{}}],"line":16},"3":{"loc":{"start":{"line":19,"column":2},"end":{"line":19,"column":90}},"type":"if","locations":[{"start":{"line":19,"column":2},"end":{"line":19,"column":90}},{"start":{},"end":{}}],"line":19},"4":{"loc":{"start":{"line":39,"column":2},"end":{"line":40,"column":85}},"type":"if","locations":[{"start":{"line":39,"column":2},"end":{"line":40,"column":85}},{"start":{},"end":{}}],"line":39},"5":{"loc":{"start":{"line":39,"column":6},"end":{"line":39,"column":28}},"type":"binary-expr","locations":[{"start":{"line":39,"column":6},"end":{"line":39,"column":15}},{"start":{"line":39,"column":19},"end":{"line":39,"column":28}}],"line":39},"6":{"loc":{"start":{"line":43,"column":2},"end":{"line":44,"column":76}},"type":"if","locations":[{"start":{"line":43,"column":2},"end":{"line":44,"column":76}},{"start":{},"end":{}}],"line":43},"7":{"loc":{"start":{"line":61,"column":2},"end":{"line":61,"column":79}},"type":"if","locations":[{"start":{"line":61,"column":2},"end":{"line":61,"column":79}},{"start":{},"end":{}}],"line":61},"8":{"loc":{"start":{"line":66,"column":2},"end":{"line":67,"column":64}},"type":"if","locations":[{"start":{"line":66,"column":2},"end":{"line":67,"column":64}},{"start":{},"end":{}}],"line":66},"9":{"loc":{"start":{"line":73,"column":2},"end":{"line":74,"column":64}},"type":"if","locations":[{"start":{"line":73,"column":2},"end":{"line":74,"column":64}},{"start":{},"end":{}}],"line":73},"10":{"loc":{"start":{"line":76,"column":2},"end":{"line":77,"column":70}},"type":"if","locations":[{"start":{"line":76,"column":2},"end":{"line":77,"column":70}},{"start":{},"end":{}}],"line":76}},"s":{"0":2,"1":2,"2":2,"3":2,"4":10,"5":0,"6":2,"7":0,"8":0,"9":0,"10":0,"11":0,"12":0,"13":0,"14":0,"15":0,"16":0,"17":0,"18":2,"19":0,"20":0,"21":0,"22":0,"23":0,"24":0,"25":0,"26":0,"27":0,"28":2,"29":0,"30":0,"31":0,"32":0,"33":2,"34":0,"35":0,"36":0,"37":0,"38":2,"39":0,"40":0,"41":0,"42":0,"43":0,"44":0},"f":{"0":10,"1":0,"2":0,"3":0,"4":0,"5":0,"6":0},"b":{"0":[0,0],"1":[0,0],"2":[0,0],"3":[0,0],"4":[0,0],"5":[0,0],"6":[0,0],"7":[0,0],"8":[0,0],"9":[0,0],"10":[0,0]},"_coverageSchema":"1a1c01bbd47fc00a2c39e90264f33305004495a9","hash":"ffc3b43252b932b1458d8aea8e86ef5577156b52"}
,"/Users/patrickkaiser/IdeaProjects/lrt-webapp/backend/controllers/betriebssystemController.js": {"path":"/Users/patrickkaiser/IdeaProjects/lrt-webapp/backend/controllers/betriebssystemController.js","statementMap":{"0":{"start":{"line":1,"column":23},"end":{"line":1,"column":58}},"1":{"start":{"line":4,"column":21},"end":{"line":5,"column":49}},"2":{"start":{"line":4,"column":27},"end":{"line":5,"column":49}},"3":{"start":{"line":5,"column":2},"end":{"line":5,"column":49}},"4":{"start":{"line":7,"column":0},"end":{"line":12,"column":3}},"5":{"start":{"line":8,"column":19},"end":{"line":8,"column":27}},"6":{"start":{"line":9,"column":2},"end":{"line":9,"column":73}},"7":{"start":{"line":9,"column":13},"end":{"line":9,"column":73}},"8":{"start":{"line":10,"column":18},"end":{"line":10,"column":55}},"9":{"start":{"line":11,"column":2},"end":{"line":11,"column":32}},"10":{"start":{"line":14,"column":0},"end":{"line":23,"column":3}},"11":{"start":{"line":15,"column":19},"end":{"line":15,"column":27}},"12":{"start":{"line":16,"column":18},"end":{"line":20,"column":3}},"13":{"start":{"line":21,"column":2},"end":{"line":21,"column":73}},"14":{"start":{"line":21,"column":16},"end":{"line":21,"column":73}},"15":{"start":{"line":22,"column":2},"end":{"line":22,"column":32}},"16":{"start":{"line":25,"column":0},"end":{"line":29,"column":3}},"17":{"start":{"line":26,"column":18},"end":{"line":26,"column":90}},"18":{"start":{"line":27,"column":2},"end":{"line":27,"column":73}},"19":{"start":{"line":27,"column":16},"end":{"line":27,"column":73}},"20":{"start":{"line":28,"column":2},"end":{"line":28,"column":63}},"21":{"start":{"line":31,"column":0},"end":{"line":35,"column":3}},"22":{"start":{"line":32,"column":18},"end":{"line":32,"column":91}},"23":{"start":{"line":33,"column":2},"end":{"line":33,"column":73}},"24":{"start":{"line":33,"column":16},"end":{"line":33,"column":73}},"25":{"start":{"line":34,"column":2},"end":{"line":34,"column":57}},"26":{"start":{"line":37,"column":0},"end":{"line":41,"column":3}},"27":{"start":{"line":38,"column":16},"end":{"line":38,"column":93}},"28":{"start":{"line":39,"column":15},"end":{"line":39,"column":47}},"29":{"start":{"line":40,"column":2},"end":{"line":40,"column":29}},"30":{"start":{"line":43,"column":0},"end":{"line":50,"column":2}},"31":{"start":{"line":44,"column":2},"end":{"line":49,"column":3}},"32":{"start":{"line":45,"column":18},"end":{"line":45,"column":63}},"33":{"start":{"line":46,"column":4},"end":{"line":46,"column":20}},"34":{"start":{"line":48,"column":4},"end":{"line":48,"column":57}},"35":{"start":{"line":52,"column":0},"end":{"line":58,"column":3}},"36":{"start":{"line":53,"column":2},"end":{"line":54,"column":81}},"37":{"start":{"line":54,"column":4},"end":{"line":54,"column":81}},"38":{"start":{"line":55,"column":16},"end":{"line":55,"column":59}},"39":{"start":{"line":55,"column":38},"end":{"line":55,"column":57}},"40":{"start":{"line":56,"column":2},"end":{"line":56,"column":41}},"41":{"start":{"line":57,"column":2},"end":{"line":57,"column":58}},"42":{"start":{"line":60,"column":0},"end":{"line":63,"column":3}},"43":{"start":{"line":61,"column":17},"end":{"line":61,"column":67}},"44":{"start":{"line":62,"column":2},"end":{"line":62,"column":90}},"45":{"start":{"line":66,"column":0},"end":{"line":75,"column":2}},"46":{"start":{"line":67,"column":2},"end":{"line":74,"column":3}},"47":{"start":{"line":68,"column":19},"end":{"line":68,"column":29}},"48":{"start":{"line":69,"column":20},"end":{"line":69,"column":85}},"49":{"start":{"line":70,"column":4},"end":{"line":70,"column":111}},"50":{"start":{"line":70,"column":18},"end":{"line":70,"column":111}},"51":{"start":{"line":71,"column":4},"end":{"line":71,"column":64}},"52":{"start":{"line":73,"column":4},"end":{"line":73,"column":60}},"53":{"start":{"line":78,"column":0},"end":{"line":81,"column":3}},"54":{"start":{"line":79,"column":15},"end":{"line":79,"column":59}},"55":{"start":{"line":80,"column":2},"end":{"line":80,"column":29}}},"fnMap":{"0":{"name":"(anonymous_0)","decl":{"start":{"line":4,"column":21},"end":{"line":4,"column":22}},"loc":{"start":{"line":4,"column":27},"end":{"line":5,"column":49}},"line":4},"1":{"name":"(anonymous_1)","decl":{"start":{"line":4,"column":27},"end":{"line":4,"column":28}},"loc":{"start":{"line":5,"column":2},"end":{"line":5,"column":49}},"line":5},"2":{"name":"(anonymous_2)","decl":{"start":{"line":7,"column":30},"end":{"line":7,"column":31}},"loc":{"start":{"line":7,"column":50},"end":{"line":12,"column":1}},"line":7},"3":{"name":"(anonymous_3)","decl":{"start":{"line":14,"column":30},"end":{"line":14,"column":31}},"loc":{"start":{"line":14,"column":50},"end":{"line":23,"column":1}},"line":14},"4":{"name":"(anonymous_4)","decl":{"start":{"line":25,"column":34},"end":{"line":25,"column":35}},"loc":{"start":{"line":25,"column":54},"end":{"line":29,"column":1}},"line":25},"5":{"name":"(anonymous_5)","decl":{"start":{"line":31,"column":31},"end":{"line":31,"column":32}},"loc":{"start":{"line":31,"column":51},"end":{"line":35,"column":1}},"line":31},"6":{"name":"(anonymous_6)","decl":{"start":{"line":37,"column":28},"end":{"line":37,"column":29}},"loc":{"start":{"line":37,"column":48},"end":{"line":41,"column":1}},"line":37},"7":{"name":"(anonymous_7)","decl":{"start":{"line":43,"column":18},"end":{"line":43,"column":19}},"loc":{"start":{"line":43,"column":38},"end":{"line":50,"column":1}},"line":43},"8":{"name":"(anonymous_8)","decl":{"start":{"line":52,"column":34},"end":{"line":52,"column":35}},"loc":{"start":{"line":52,"column":54},"end":{"line":58,"column":1}},"line":52},"9":{"name":"(anonymous_9)","decl":{"start":{"line":55,"column":29},"end":{"line":55,"column":30}},"loc":{"start":{"line":55,"column":38},"end":{"line":55,"column":57}},"line":55},"10":{"name":"(anonymous_10)","decl":{"start":{"line":60,"column":37},"end":{"line":60,"column":38}},"loc":{"start":{"line":60,"column":57},"end":{"line":63,"column":1}},"line":60},"11":{"name":"(anonymous_11)","decl":{"start":{"line":66,"column":23},"end":{"line":66,"column":24}},"loc":{"start":{"line":66,"column":43},"end":{"line":75,"column":1}},"line":66},"12":{"name":"(anonymous_12)","decl":{"start":{"line":78,"column":33},"end":{"line":78,"column":34}},"loc":{"start":{"line":78,"column":53},"end":{"line":81,"column":1}},"line":78}},"branchMap":{"0":{"loc":{"start":{"line":9,"column":2},"end":{"line":9,"column":73}},"type":"if","locations":[{"start":{"line":9,"column":2},"end":{"line":9,"column":73}},{"start":{},"end":{}}],"line":9},"1":{"loc":{"start":{"line":21,"column":2},"end":{"line":21,"column":73}},"type":"if","locations":[{"start":{"line":21,"column":2},"end":{"line":21,"column":73}},{"start":{},"end":{}}],"line":21},"2":{"loc":{"start":{"line":27,"column":2},"end":{"line":27,"column":73}},"type":"if","locations":[{"start":{"line":27,"column":2},"end":{"line":27,"column":73}},{"start":{},"end":{}}],"line":27},"3":{"loc":{"start":{"line":33,"column":2},"end":{"line":33,"column":73}},"type":"if","locations":[{"start":{"line":33,"column":2},"end":{"line":33,"column":73}},{"start":{},"end":{}}],"line":33},"4":{"loc":{"start":{"line":38,"column":16},"end":{"line":38,"column":93}},"type":"cond-expr","locations":[{"start":{"line":38,"column":47},"end":{"line":38,"column":64}},{"start":{"line":38,"column":67},"end":{"line":38,"column":93}}],"line":38},"5":{"loc":{"start":{"line":53,"column":2},"end":{"line":54,"column":81}},"type":"if","locations":[{"start":{"line":53,"column":2},"end":{"line":54,"column":81}},{"start":{},"end":{}}],"line":53},"6":{"loc":{"start":{"line":53,"column":6},"end":{"line":53,"column":50}},"type":"binary-expr","locations":[{"start":{"line":53,"column":6},"end":{"line":53,"column":30}},{"start":{"line":53,"column":34},"end":{"line":53,"column":50}}],"line":53},"7":{"loc":{"start":{"line":70,"column":4},"end":{"line":70,"column":111}},"type":"if","locations":[{"start":{"line":70,"column":4},"end":{"line":70,"column":111}},{"start":{},"end":{}}],"line":70}},"s":{"0":2,"1":2,"2":16,"3":0,"4":2,"5":0,"6":0,"7":0,"8":0,"9":0,"10":2,"11":0,"12":0,"13":0,"14":0,"15":0,"16":2,"17":0,"18":0,"19":0,"20":0,"21":2,"22":0,"23":0,"24":0,"25":0,"26":2,"27":0,"28":0,"29":0,"30":2,"31":0,"32":0,"33":0,"34":0,"35":2,"36":0,"37":0,"38":0,"39":0,"40":0,"41":0,"42":2,"43":0,"44":0,"45":2,"46":0,"47":0,"48":0,"49":0,"50":0,"51":0,"52":0,"53":2,"54":0,"55":0},"f":{"0":16,"1":0,"2":0,"3":0,"4":0,"5":0,"6":0,"7":0,"8":0,"9":0,"10":0,"11":0,"12":0},"b":{"0":[0,0],"1":[0,0],"2":[0,0],"3":[0,0],"4":[0,0],"5":[0,0],"6":[0,0],"7":[0,0]},"_coverageSchema":"1a1c01bbd47fc00a2c39e90264f33305004495a9","hash":"5157b6d4edfb33190564fb3468e30a974c02c211"}
,"/Users/patrickkaiser/IdeaProjects/lrt-webapp/backend/controllers/computerController.js": {"path":"/Users/patrickkaiser/IdeaProjects/lrt-webapp/backend/controllers/computerController.js","statementMap":{"0":{"start":{"line":1,"column":13},"end":{"line":1,"column":28}},"1":{"start":{"line":2,"column":11},"end":{"line":2,"column":24}},"2":{"start":{"line":4,"column":15},"end":{"line":4,"column":32}},"3":{"start":{"line":6,"column":17},"end":{"line":6,"column":46}},"4":{"start":{"line":7,"column":18},"end":{"line":7,"column":48}},"5":{"start":{"line":8,"column":23},"end":{"line":8,"column":58}},"6":{"start":{"line":11,"column":21},"end":{"line":11,"column":94}},"7":{"start":{"line":11,"column":27},"end":{"line":11,"column":94}},"8":{"start":{"line":11,"column":47},"end":{"line":11,"column":94}},"9":{"start":{"line":14,"column":16},"end":{"line":24,"column":2}},"10":{"start":{"line":16,"column":16},"end":{"line":16,"column":65}},"11":{"start":{"line":17,"column":4},"end":{"line":17,"column":43}},"12":{"start":{"line":18,"column":4},"end":{"line":18,"column":18}},"13":{"start":{"line":21,"column":18},"end":{"line":21,"column":70}},"14":{"start":{"line":22,"column":4},"end":{"line":22,"column":39}},"15":{"start":{"line":25,"column":15},"end":{"line":37,"column":2}},"16":{"start":{"line":30,"column":20},"end":{"line":30,"column":71}},"17":{"start":{"line":31,"column":4},"end":{"line":35,"column":5}},"18":{"start":{"line":32,"column":6},"end":{"line":32,"column":21}},"19":{"start":{"line":34,"column":6},"end":{"line":34,"column":53}},"20":{"start":{"line":39,"column":0},"end":{"line":53,"column":2}},"21":{"start":{"line":43,"column":21},"end":{"line":43,"column":50}},"22":{"start":{"line":44,"column":21},"end":{"line":44,"column":59}},"23":{"start":{"line":45,"column":4},"end":{"line":45,"column":85}},"24":{"start":{"line":45,"column":19},"end":{"line":45,"column":85}},"25":{"start":{"line":46,"column":4},"end":{"line":49,"column":7}},"26":{"start":{"line":47,"column":6},"end":{"line":47,"column":55}},"27":{"start":{"line":47,"column":31},"end":{"line":47,"column":55}},"28":{"start":{"line":48,"column":6},"end":{"line":48,"column":42}},"29":{"start":{"line":50,"column":4},"end":{"line":50,"column":26}},"30":{"start":{"line":51,"column":4},"end":{"line":51,"column":88}},"31":{"start":{"line":51,"column":73},"end":{"line":51,"column":83}},"32":{"start":{"line":55,"column":0},"end":{"line":64,"column":2}},"33":{"start":{"line":56,"column":14},"end":{"line":56,"column":63}},"34":{"start":{"line":57,"column":2},"end":{"line":57,"column":47}},"35":{"start":{"line":57,"column":27},"end":{"line":57,"column":47}},"36":{"start":{"line":58,"column":16},"end":{"line":58,"column":35}},"37":{"start":{"line":59,"column":18},"end":{"line":59,"column":82}},"38":{"start":{"line":60,"column":2},"end":{"line":63,"column":7}},"39":{"start":{"line":60,"column":34},"end":{"line":63,"column":3}},"40":{"start":{"line":66,"column":0},"end":{"line":79,"column":3}},"41":{"start":{"line":67,"column":35},"end":{"line":67,"column":44}},"42":{"start":{"line":68,"column":15},"end":{"line":68,"column":33}},"43":{"start":{"line":69,"column":24},"end":{"line":77,"column":4}},"44":{"start":{"line":78,"column":2},"end":{"line":78,"column":40}},"45":{"start":{"line":81,"column":0},"end":{"line":85,"column":2}},"46":{"start":{"line":82,"column":19},"end":{"line":82,"column":89}},"47":{"start":{"line":83,"column":2},"end":{"line":83,"column":95}},"48":{"start":{"line":83,"column":32},"end":{"line":83,"column":95}},"49":{"start":{"line":84,"column":2},"end":{"line":84,"column":25}},"50":{"start":{"line":87,"column":0},"end":{"line":98,"column":2}},"51":{"start":{"line":88,"column":19},"end":{"line":88,"column":89}},"52":{"start":{"line":89,"column":2},"end":{"line":97,"column":3}},"53":{"start":{"line":90,"column":4},"end":{"line":90,"column":28}},"54":{"start":{"line":92,"column":21},"end":{"line":92,"column":50}},"55":{"start":{"line":93,"column":4},"end":{"line":93,"column":99}},"56":{"start":{"line":94,"column":4},"end":{"line":94,"column":44}},"57":{"start":{"line":96,"column":4},"end":{"line":96,"column":60}},"58":{"start":{"line":101,"column":21},"end":{"line":101,"column":25}},"59":{"start":{"line":103,"column":2},"end":{"line":103,"column":44}},"60":{"start":{"line":103,"column":22},"end":{"line":103,"column":44}},"61":{"start":{"line":104,"column":21},"end":{"line":104,"column":45}},"62":{"start":{"line":105,"column":17},"end":{"line":105,"column":19}},"63":{"start":{"line":106,"column":2},"end":{"line":110,"column":5}},"64":{"start":{"line":107,"column":4},"end":{"line":109,"column":5}},"65":{"start":{"line":108,"column":6},"end":{"line":108,"column":69}},"66":{"start":{"line":111,"column":2},"end":{"line":111,"column":26}},"67":{"start":{"line":112,"column":2},"end":{"line":112,"column":16}},"68":{"start":{"line":116,"column":15},"end":{"line":116,"column":59}},"69":{"start":{"line":118,"column":16},"end":{"line":118,"column":18}},"70":{"start":{"line":119,"column":13},"end":{"line":119,"column":19}},"71":{"start":{"line":120,"column":2},"end":{"line":127,"column":3}},"72":{"start":{"line":121,"column":4},"end":{"line":125,"column":7}},"73":{"start":{"line":126,"column":4},"end":{"line":126,"column":38}},"74":{"start":{"line":128,"column":2},"end":{"line":128,"column":41}},"75":{"start":{"line":129,"column":2},"end":{"line":129,"column":31}},"76":{"start":{"line":132,"column":18},"end":{"line":147,"column":1}},"77":{"start":{"line":148,"column":19},"end":{"line":150,"column":1}},"78":{"start":{"line":153,"column":0},"end":{"line":214,"column":3}},"79":{"start":{"line":154,"column":42},"end":{"line":154,"column":51}},"80":{"start":{"line":155,"column":19},"end":{"line":155,"column":35}},"81":{"start":{"line":156,"column":26},"end":{"line":156,"column":52}},"82":{"start":{"line":157,"column":17},"end":{"line":157,"column":35}},"83":{"start":{"line":158,"column":26},"end":{"line":158,"column":52}},"84":{"start":{"line":160,"column":2},"end":{"line":192,"column":3}},"85":{"start":{"line":161,"column":18},"end":{"line":161,"column":53}},"86":{"start":{"line":162,"column":4},"end":{"line":191,"column":5}},"87":{"start":{"line":163,"column":18},"end":{"line":163,"column":36}},"88":{"start":{"line":164,"column":6},"end":{"line":164,"column":31}},"89":{"start":{"line":164,"column":22},"end":{"line":164,"column":31}},"90":{"start":{"line":165,"column":6},"end":{"line":175,"column":7}},"91":{"start":{"line":166,"column":8},"end":{"line":166,"column":28}},"92":{"start":{"line":168,"column":8},"end":{"line":168,"column":44}},"93":{"start":{"line":169,"column":8},"end":{"line":174,"column":9}},"94":{"start":{"line":170,"column":19},"end":{"line":170,"column":47}},"95":{"start":{"line":170,"column":48},"end":{"line":170,"column":54}},"96":{"start":{"line":171,"column":19},"end":{"line":171,"column":47}},"97":{"start":{"line":171,"column":48},"end":{"line":171,"column":54}},"98":{"start":{"line":172,"column":19},"end":{"line":172,"column":47}},"99":{"start":{"line":172,"column":48},"end":{"line":172,"column":54}},"100":{"start":{"line":173,"column":19},"end":{"line":173,"column":47}},"101":{"start":{"line":173,"column":48},"end":{"line":173,"column":54}},"102":{"start":{"line":176,"column":11},"end":{"line":191,"column":5}},"103":{"start":{"line":177,"column":18},"end":{"line":177,"column":49}},"104":{"start":{"line":178,"column":6},"end":{"line":178,"column":79}},"105":{"start":{"line":179,"column":11},"end":{"line":191,"column":5}},"106":{"start":{"line":180,"column":21},"end":{"line":182,"column":15}},"107":{"start":{"line":183,"column":18},"end":{"line":183,"column":44}},"108":{"start":{"line":183,"column":36},"end":{"line":183,"column":43}},"109":{"start":{"line":184,"column":6},"end":{"line":184,"column":55}},"110":{"start":{"line":186,"column":6},"end":{"line":190,"column":7}},"111":{"start":{"line":187,"column":8},"end":{"line":187,"column":62}},"112":{"start":{"line":189,"column":8},"end":{"line":189,"column":35}},"113":{"start":{"line":195,"column":2},"end":{"line":205,"column":3}},"114":{"start":{"line":196,"column":22},"end":{"line":198,"column":68}},"115":{"start":{"line":199,"column":21},"end":{"line":203,"column":5}},"116":{"start":{"line":204,"column":4},"end":{"line":204,"column":72}},"117":{"start":{"line":204,"column":39},"end":{"line":204,"column":69}},"118":{"start":{"line":207,"column":17},"end":{"line":211,"column":11}},"119":{"start":{"line":213,"column":2},"end":{"line":213,"column":31}},"120":{"start":{"line":217,"column":0},"end":{"line":234,"column":3}},"121":{"start":{"line":218,"column":15},"end":{"line":218,"column":30}},"122":{"start":{"line":219,"column":2},"end":{"line":223,"column":3}},"123":{"start":{"line":220,"column":28},"end":{"line":220,"column":54}},"124":{"start":{"line":221,"column":19},"end":{"line":221,"column":71}},"125":{"start":{"line":222,"column":4},"end":{"line":222,"column":40}},"126":{"start":{"line":222,"column":16},"end":{"line":222,"column":40}},"127":{"start":{"line":224,"column":2},"end":{"line":227,"column":3}},"128":{"start":{"line":225,"column":4},"end":{"line":226,"column":67}},"129":{"start":{"line":225,"column":42},"end":{"line":225,"column":59}},"130":{"start":{"line":226,"column":9},"end":{"line":226,"column":67}},"131":{"start":{"line":226,"column":49},"end":{"line":226,"column":67}},"132":{"start":{"line":228,"column":19},"end":{"line":228,"column":37}},"133":{"start":{"line":229,"column":2},"end":{"line":229,"column":24}},"134":{"start":{"line":230,"column":20},"end":{"line":232,"column":31}},"135":{"start":{"line":233,"column":2},"end":{"line":233,"column":34}},"136":{"start":{"line":237,"column":0},"end":{"line":252,"column":3}},"137":{"start":{"line":238,"column":15},"end":{"line":238,"column":30}},"138":{"start":{"line":239,"column":2},"end":{"line":243,"column":3}},"139":{"start":{"line":240,"column":28},"end":{"line":240,"column":54}},"140":{"start":{"line":241,"column":19},"end":{"line":241,"column":71}},"141":{"start":{"line":242,"column":4},"end":{"line":242,"column":40}},"142":{"start":{"line":242,"column":16},"end":{"line":242,"column":40}},"143":{"start":{"line":244,"column":2},"end":{"line":244,"column":43}},"144":{"start":{"line":244,"column":26},"end":{"line":244,"column":43}},"145":{"start":{"line":245,"column":2},"end":{"line":245,"column":46}},"146":{"start":{"line":245,"column":28},"end":{"line":245,"column":46}},"147":{"start":{"line":246,"column":18},"end":{"line":246,"column":86}},"148":{"start":{"line":247,"column":2},"end":{"line":247,"column":83}},"149":{"start":{"line":247,"column":16},"end":{"line":247,"column":83}},"150":{"start":{"line":248,"column":20},"end":{"line":250,"column":31}},"151":{"start":{"line":251,"column":2},"end":{"line":251,"column":34}},"152":{"start":{"line":255,"column":0},"end":{"line":259,"column":3}},"153":{"start":{"line":256,"column":18},"end":{"line":256,"column":99}},"154":{"start":{"line":257,"column":2},"end":{"line":257,"column":83}},"155":{"start":{"line":257,"column":16},"end":{"line":257,"column":83}},"156":{"start":{"line":258,"column":2},"end":{"line":258,"column":71}},"157":{"start":{"line":262,"column":0},"end":{"line":266,"column":3}},"158":{"start":{"line":263,"column":18},"end":{"line":263,"column":100}},"159":{"start":{"line":264,"column":2},"end":{"line":264,"column":83}},"160":{"start":{"line":264,"column":16},"end":{"line":264,"column":83}},"161":{"start":{"line":265,"column":2},"end":{"line":265,"column":66}},"162":{"start":{"line":269,"column":0},"end":{"line":275,"column":3}},"163":{"start":{"line":270,"column":19},"end":{"line":272,"column":31}},"164":{"start":{"line":273,"column":2},"end":{"line":273,"column":84}},"165":{"start":{"line":273,"column":17},"end":{"line":273,"column":84}},"166":{"start":{"line":274,"column":2},"end":{"line":274,"column":33}},"167":{"start":{"line":278,"column":0},"end":{"line":281,"column":3}},"168":{"start":{"line":279,"column":17},"end":{"line":279,"column":61}},"169":{"start":{"line":280,"column":2},"end":{"line":280,"column":81}},"170":{"start":{"line":284,"column":0},"end":{"line":293,"column":2}},"171":{"start":{"line":285,"column":2},"end":{"line":292,"column":3}},"172":{"start":{"line":286,"column":19},"end":{"line":286,"column":29}},"173":{"start":{"line":287,"column":20},"end":{"line":287,"column":79}},"174":{"start":{"line":288,"column":4},"end":{"line":288,"column":105}},"175":{"start":{"line":288,"column":18},"end":{"line":288,"column":105}},"176":{"start":{"line":289,"column":4},"end":{"line":289,"column":58}},"177":{"start":{"line":291,"column":4},"end":{"line":291,"column":60}},"178":{"start":{"line":296,"column":0},"end":{"line":302,"column":3}},"179":{"start":{"line":297,"column":15},"end":{"line":300,"column":11}},"180":{"start":{"line":301,"column":2},"end":{"line":301,"column":29}},"181":{"start":{"line":305,"column":0},"end":{"line":311,"column":3}},"182":{"start":{"line":306,"column":2},"end":{"line":307,"column":82}},"183":{"start":{"line":307,"column":4},"end":{"line":307,"column":82}},"184":{"start":{"line":308,"column":16},"end":{"line":308,"column":51}},"185":{"start":{"line":308,"column":38},"end":{"line":308,"column":49}},"186":{"start":{"line":309,"column":2},"end":{"line":309,"column":35}},"187":{"start":{"line":310,"column":2},"end":{"line":310,"column":58}},"188":{"start":{"line":314,"column":0},"end":{"line":331,"column":3}},"189":{"start":{"line":315,"column":17},"end":{"line":315,"column":43}},"190":{"start":{"line":318,"column":16},"end":{"line":318,"column":53}},"191":{"start":{"line":321,"column":16},"end":{"line":324,"column":11}},"192":{"start":{"line":327,"column":2},"end":{"line":330,"column":5}}},"fnMap":{"0":{"name":"(anonymous_0)","decl":{"start":{"line":11,"column":21},"end":{"line":11,"column":22}},"loc":{"start":{"line":11,"column":27},"end":{"line":11,"column":94}},"line":11},"1":{"name":"(anonymous_1)","decl":{"start":{"line":11,"column":27},"end":{"line":11,"column":28}},"loc":{"start":{"line":11,"column":47},"end":{"line":11,"column":94}},"line":11},"2":{"name":"(anonymous_2)","decl":{"start":{"line":15,"column":15},"end":{"line":15,"column":16}},"loc":{"start":{"line":15,"column":40},"end":{"line":19,"column":3}},"line":15},"3":{"name":"(anonymous_3)","decl":{"start":{"line":20,"column":12},"end":{"line":20,"column":13}},"loc":{"start":{"line":20,"column":37},"end":{"line":23,"column":3}},"line":20},"4":{"name":"(anonymous_4)","decl":{"start":{"line":28,"column":14},"end":{"line":28,"column":15}},"loc":{"start":{"line":28,"column":33},"end":{"line":36,"column":3}},"line":28},"5":{"name":"(anonymous_5)","decl":{"start":{"line":41,"column":2},"end":{"line":41,"column":3}},"loc":{"start":{"line":41,"column":22},"end":{"line":52,"column":3}},"line":41},"6":{"name":"(anonymous_6)","decl":{"start":{"line":46,"column":22},"end":{"line":46,"column":23}},"loc":{"start":{"line":46,"column":27},"end":{"line":49,"column":5}},"line":46},"7":{"name":"(anonymous_7)","decl":{"start":{"line":51,"column":68},"end":{"line":51,"column":69}},"loc":{"start":{"line":51,"column":73},"end":{"line":51,"column":83}},"line":51},"8":{"name":"(anonymous_8)","decl":{"start":{"line":55,"column":24},"end":{"line":55,"column":25}},"loc":{"start":{"line":55,"column":44},"end":{"line":64,"column":1}},"line":55},"9":{"name":"(anonymous_9)","decl":{"start":{"line":60,"column":21},"end":{"line":60,"column":22}},"loc":{"start":{"line":60,"column":34},"end":{"line":63,"column":3}},"line":60},"10":{"name":"(anonymous_10)","decl":{"start":{"line":66,"column":31},"end":{"line":66,"column":32}},"loc":{"start":{"line":66,"column":51},"end":{"line":79,"column":1}},"line":66},"11":{"name":"(anonymous_11)","decl":{"start":{"line":81,"column":27},"end":{"line":81,"column":28}},"loc":{"start":{"line":81,"column":41},"end":{"line":85,"column":1}},"line":81},"12":{"name":"(anonymous_12)","decl":{"start":{"line":87,"column":25},"end":{"line":87,"column":26}},"loc":{"start":{"line":87,"column":45},"end":{"line":98,"column":1}},"line":87},"13":{"name":"getKategorieLookup","decl":{"start":{"line":102,"column":15},"end":{"line":102,"column":33}},"loc":{"start":{"line":102,"column":36},"end":{"line":113,"column":1}},"line":102},"14":{"name":"(anonymous_14)","decl":{"start":{"line":106,"column":21},"end":{"line":106,"column":22}},"loc":{"start":{"line":106,"column":28},"end":{"line":110,"column":3}},"line":106},"15":{"name":"parseAdvancedSearch","decl":{"start":{"line":115,"column":9},"end":{"line":115,"column":28}},"loc":{"start":{"line":115,"column":37},"end":{"line":130,"column":1}},"line":115},"16":{"name":"(anonymous_16)","decl":{"start":{"line":153,"column":47},"end":{"line":153,"column":48}},"loc":{"start":{"line":153,"column":67},"end":{"line":214,"column":1}},"line":153},"17":{"name":"(anonymous_17)","decl":{"start":{"line":183,"column":29},"end":{"line":183,"column":30}},"loc":{"start":{"line":183,"column":36},"end":{"line":183,"column":43}},"line":183},"18":{"name":"(anonymous_18)","decl":{"start":{"line":204,"column":33},"end":{"line":204,"column":34}},"loc":{"start":{"line":204,"column":39},"end":{"line":204,"column":69}},"line":204},"19":{"name":"(anonymous_19)","decl":{"start":{"line":217,"column":38},"end":{"line":217,"column":39}},"loc":{"start":{"line":217,"column":58},"end":{"line":234,"column":1}},"line":217},"20":{"name":"(anonymous_20)","decl":{"start":{"line":237,"column":38},"end":{"line":237,"column":39}},"loc":{"start":{"line":237,"column":58},"end":{"line":252,"column":1}},"line":237},"21":{"name":"(anonymous_21)","decl":{"start":{"line":255,"column":42},"end":{"line":255,"column":43}},"loc":{"start":{"line":255,"column":62},"end":{"line":259,"column":1}},"line":255},"22":{"name":"(anonymous_22)","decl":{"start":{"line":262,"column":39},"end":{"line":262,"column":40}},"loc":{"start":{"line":262,"column":59},"end":{"line":266,"column":1}},"line":262},"23":{"name":"(anonymous_23)","decl":{"start":{"line":269,"column":39},"end":{"line":269,"column":40}},"loc":{"start":{"line":269,"column":59},"end":{"line":275,"column":1}},"line":269},"24":{"name":"(anonymous_24)","decl":{"start":{"line":278,"column":37},"end":{"line":278,"column":38}},"loc":{"start":{"line":278,"column":57},"end":{"line":281,"column":1}},"line":278},"25":{"name":"(anonymous_25)","decl":{"start":{"line":284,"column":23},"end":{"line":284,"column":24}},"loc":{"start":{"line":284,"column":43},"end":{"line":293,"column":1}},"line":284},"26":{"name":"(anonymous_26)","decl":{"start":{"line":296,"column":33},"end":{"line":296,"column":34}},"loc":{"start":{"line":296,"column":53},"end":{"line":302,"column":1}},"line":296},"27":{"name":"(anonymous_27)","decl":{"start":{"line":305,"column":34},"end":{"line":305,"column":35}},"loc":{"start":{"line":305,"column":54},"end":{"line":311,"column":1}},"line":305},"28":{"name":"(anonymous_28)","decl":{"start":{"line":308,"column":29},"end":{"line":308,"column":30}},"loc":{"start":{"line":308,"column":38},"end":{"line":308,"column":49}},"line":308},"29":{"name":"(anonymous_29)","decl":{"start":{"line":314,"column":31},"end":{"line":314,"column":32}},"loc":{"start":{"line":314,"column":51},"end":{"line":331,"column":1}},"line":314}},"branchMap":{"0":{"loc":{"start":{"line":31,"column":4},"end":{"line":35,"column":5}},"type":"if","locations":[{"start":{"line":31,"column":4},"end":{"line":35,"column":5}},{"start":{"line":33,"column":11},"end":{"line":35,"column":5}}],"line":31},"1":{"loc":{"start":{"line":45,"column":4},"end":{"line":45,"column":85}},"type":"if","locations":[{"start":{"line":45,"column":4},"end":{"line":45,"column":85}},{"start":{},"end":{}}],"line":45},"2":{"loc":{"start":{"line":47,"column":6},"end":{"line":47,"column":55}},"type":"if","locations":[{"start":{"line":47,"column":6},"end":{"line":47,"column":55}},{"start":{},"end":{}}],"line":47},"3":{"loc":{"start":{"line":57,"column":2},"end":{"line":57,"column":47}},"type":"if","locations":[{"start":{"line":57,"column":2},"end":{"line":57,"column":47}},{"start":{},"end":{}}],"line":57},"4":{"loc":{"start":{"line":67,"column":10},"end":{"line":67,"column":18}},"type":"default-arg","locations":[{"start":{"line":67,"column":17},"end":{"line":67,"column":18}}],"line":67},"5":{"loc":{"start":{"line":67,"column":20},"end":{"line":67,"column":30}},"type":"default-arg","locations":[{"start":{"line":67,"column":28},"end":{"line":67,"column":30}}],"line":67},"6":{"loc":{"start":{"line":83,"column":2},"end":{"line":83,"column":95}},"type":"if","locations":[{"start":{"line":83,"column":2},"end":{"line":83,"column":95}},{"start":{},"end":{}}],"line":83},"7":{"loc":{"start":{"line":89,"column":2},"end":{"line":97,"column":3}},"type":"if","locations":[{"start":{"line":89,"column":2},"end":{"line":97,"column":3}},{"start":{"line":95,"column":9},"end":{"line":97,"column":3}}],"line":89},"8":{"loc":{"start":{"line":103,"column":2},"end":{"line":103,"column":44}},"type":"if","locations":[{"start":{"line":103,"column":2},"end":{"line":103,"column":44}},{"start":{},"end":{}}],"line":103},"9":{"loc":{"start":{"line":107,"column":4},"end":{"line":109,"column":5}},"type":"if","locations":[{"start":{"line":107,"column":4},"end":{"line":109,"column":5}},{"start":{},"end":{}}],"line":107},"10":{"loc":{"start":{"line":107,"column":8},"end":{"line":107,"column":34}},"type":"binary-expr","locations":[{"start":{"line":107,"column":8},"end":{"line":107,"column":23}},{"start":{"line":107,"column":27},"end":{"line":107,"column":34}}],"line":107},"11":{"loc":{"start":{"line":154,"column":10},"end":{"line":154,"column":20}},"type":"default-arg","locations":[{"start":{"line":154,"column":18},"end":{"line":154,"column":20}}],"line":154},"12":{"loc":{"start":{"line":154,"column":22},"end":{"line":154,"column":37}},"type":"default-arg","locations":[{"start":{"line":154,"column":30},"end":{"line":154,"column":37}}],"line":154},"13":{"loc":{"start":{"line":161,"column":18},"end":{"line":161,"column":53}},"type":"binary-expr","locations":[{"start":{"line":161,"column":18},"end":{"line":161,"column":39}},{"start":{"line":161,"column":43},"end":{"line":161,"column":53}}],"line":161},"14":{"loc":{"start":{"line":162,"column":4},"end":{"line":191,"column":5}},"type":"if","locations":[{"start":{"line":162,"column":4},"end":{"line":191,"column":5}},{"start":{"line":176,"column":11},"end":{"line":191,"column":5}}],"line":162},"15":{"loc":{"start":{"line":164,"column":6},"end":{"line":164,"column":31}},"type":"if","locations":[{"start":{"line":164,"column":6},"end":{"line":164,"column":31}},{"start":{},"end":{}}],"line":164},"16":{"loc":{"start":{"line":165,"column":6},"end":{"line":175,"column":7}},"type":"if","locations":[{"start":{"line":165,"column":6},"end":{"line":175,"column":7}},{"start":{"line":167,"column":13},"end":{"line":175,"column":7}}],"line":165},"17":{"loc":{"start":{"line":165,"column":10},"end":{"line":165,"column":44}},"type":"binary-expr","locations":[{"start":{"line":165,"column":10},"end":{"line":165,"column":25}},{"start":{"line":165,"column":29},"end":{"line":165,"column":44}}],"line":165},"18":{"loc":{"start":{"line":168,"column":24},"end":{"line":168,"column":43}},"type":"binary-expr","locations":[{"start":{"line":168,"column":24},"end":{"line":168,"column":37}},{"start":{"line":168,"column":41},"end":{"line":168,"column":43}}],"line":168},"19":{"loc":{"start":{"line":169,"column":8},"end":{"line":174,"column":9}},"type":"switch","locations":[{"start":{"line":170,"column":8},"end":{"line":170,"column":54}},{"start":{"line":171,"column":8},"end":{"line":171,"column":54}},{"start":{"line":172,"column":8},"end":{"line":172,"column":54}},{"start":{"line":173,"column":8},"end":{"line":173,"column":54}}],"line":169},"20":{"loc":{"start":{"line":176,"column":11},"end":{"line":191,"column":5}},"type":"if","locations":[{"start":{"line":176,"column":11},"end":{"line":191,"column":5}},{"start":{"line":179,"column":11},"end":{"line":191,"column":5}}],"line":176},"21":{"loc":{"start":{"line":178,"column":22},"end":{"line":178,"column":78}},"type":"cond-expr","locations":[{"start":{"line":178,"column":45},"end":{"line":178,"column":65}},{"start":{"line":178,"column":68},"end":{"line":178,"column":78}}],"line":178},"22":{"loc":{"start":{"line":179,"column":11},"end":{"line":191,"column":5}},"type":"if","locations":[{"start":{"line":179,"column":11},"end":{"line":191,"column":5}},{"start":{"line":185,"column":11},"end":{"line":191,"column":5}}],"line":179},"23":{"loc":{"start":{"line":184,"column":22},"end":{"line":184,"column":54}},"type":"cond-expr","locations":[{"start":{"line":184,"column":35},"end":{"line":184,"column":47}},{"start":{"line":184,"column":50},"end":{"line":184,"column":54}}],"line":184},"24":{"loc":{"start":{"line":186,"column":6},"end":{"line":190,"column":7}},"type":"if","locations":[{"start":{"line":186,"column":6},"end":{"line":190,"column":7}},{"start":{"line":188,"column":13},"end":{"line":190,"column":7}}],"line":186},"25":{"loc":{"start":{"line":186,"column":10},"end":{"line":186,"column":60}},"type":"binary-expr","locations":[{"start":{"line":186,"column":11},"end":{"line":186,"column":26}},{"start":{"line":186,"column":30},"end":{"line":186,"column":45}},{"start":{"line":186,"column":50},"end":{"line":186,"column":60}}],"line":186},"26":{"loc":{"start":{"line":195,"column":2},"end":{"line":205,"column":3}},"type":"if","locations":[{"start":{"line":195,"column":2},"end":{"line":205,"column":3}},{"start":{},"end":{}}],"line":195},"27":{"loc":{"start":{"line":195,"column":6},"end":{"line":195,"column":36}},"type":"binary-expr","locations":[{"start":{"line":195,"column":6},"end":{"line":195,"column":10}},{"start":{"line":195,"column":14},"end":{"line":195,"column":36}}],"line":195},"28":{"loc":{"start":{"line":196,"column":22},"end":{"line":198,"column":68}},"type":"cond-expr","locations":[{"start":{"line":197,"column":8},"end":{"line":197,"column":29}},{"start":{"line":198,"column":8},"end":{"line":198,"column":68}}],"line":196},"29":{"loc":{"start":{"line":219,"column":2},"end":{"line":223,"column":3}},"type":"if","locations":[{"start":{"line":219,"column":2},"end":{"line":223,"column":3}},{"start":{},"end":{}}],"line":219},"30":{"loc":{"start":{"line":219,"column":6},"end":{"line":219,"column":58}},"type":"binary-expr","locations":[{"start":{"line":219,"column":6},"end":{"line":219,"column":20}},{"start":{"line":219,"column":24},"end":{"line":219,"column":58}}],"line":219},"31":{"loc":{"start":{"line":222,"column":4},"end":{"line":222,"column":40}},"type":"if","locations":[{"start":{"line":222,"column":4},"end":{"line":222,"column":40}},{"start":{},"end":{}}],"line":222},"32":{"loc":{"start":{"line":224,"column":2},"end":{"line":227,"column":3}},"type":"if","locations":[{"start":{"line":224,"column":2},"end":{"line":227,"column":3}},{"start":{},"end":{}}],"line":224},"33":{"loc":{"start":{"line":225,"column":4},"end":{"line":226,"column":67}},"type":"if","locations":[{"start":{"line":225,"column":4},"end":{"line":226,"column":67}},{"start":{"line":226,"column":9},"end":{"line":226,"column":67}}],"line":225},"34":{"loc":{"start":{"line":226,"column":9},"end":{"line":226,"column":67}},"type":"if","locations":[{"start":{"line":226,"column":9},"end":{"line":226,"column":67}},{"start":{},"end":{}}],"line":226},"35":{"loc":{"start":{"line":239,"column":2},"end":{"line":243,"column":3}},"type":"if","locations":[{"start":{"line":239,"column":2},"end":{"line":243,"column":3}},{"start":{},"end":{}}],"line":239},"36":{"loc":{"start":{"line":239,"column":6},"end":{"line":239,"column":58}},"type":"binary-expr","locations":[{"start":{"line":239,"column":6},"end":{"line":239,"column":20}},{"start":{"line":239,"column":24},"end":{"line":239,"column":58}}],"line":239},"37":{"loc":{"start":{"line":242,"column":4},"end":{"line":242,"column":40}},"type":"if","locations":[{"start":{"line":242,"column":4},"end":{"line":242,"column":40}},{"start":{},"end":{}}],"line":242},"38":{"loc":{"start":{"line":244,"column":2},"end":{"line":244,"column":43}},"type":"if","locations":[{"start":{"line":244,"column":2},"end":{"line":244,"column":43}},{"start":{},"end":{}}],"line":244},"39":{"loc":{"start":{"line":245,"column":2},"end":{"line":245,"column":46}},"type":"if","locations":[{"start":{"line":245,"column":2},"end":{"line":245,"column":46}},{"start":{},"end":{}}],"line":245},"40":{"loc":{"start":{"line":247,"column":2},"end":{"line":247,"column":83}},"type":"if","locations":[{"start":{"line":247,"column":2},"end":{"line":247,"column":83}},{"start":{},"end":{}}],"line":247},"41":{"loc":{"start":{"line":257,"column":2},"end":{"line":257,"column":83}},"type":"if","locations":[{"start":{"line":257,"column":2},"end":{"line":257,"column":83}},{"start":{},"end":{}}],"line":257},"42":{"loc":{"start":{"line":264,"column":2},"end":{"line":264,"column":83}},"type":"if","locations":[{"start":{"line":264,"column":2},"end":{"line":264,"column":83}},{"start":{},"end":{}}],"line":264},"43":{"loc":{"start":{"line":273,"column":2},"end":{"line":273,"column":84}},"type":"if","locations":[{"start":{"line":273,"column":2},"end":{"line":273,"column":84}},{"start":{},"end":{}}],"line":273},"44":{"loc":{"start":{"line":288,"column":4},"end":{"line":288,"column":105}},"type":"if","locations":[{"start":{"line":288,"column":4},"end":{"line":288,"column":105}},{"start":{},"end":{}}],"line":288},"45":{"loc":{"start":{"line":306,"column":2},"end":{"line":307,"column":82}},"type":"if","locations":[{"start":{"line":306,"column":2},"end":{"line":307,"column":82}},{"start":{},"end":{}}],"line":306},"46":{"loc":{"start":{"line":306,"column":6},"end":{"line":306,"column":50}},"type":"binary-expr","locations":[{"start":{"line":306,"column":6},"end":{"line":306,"column":30}},{"start":{"line":306,"column":34},"end":{"line":306,"column":50}}],"line":306}},"s":{"0":2,"1":2,"2":2,"3":2,"4":2,"5":2,"6":2,"7":22,"8":0,"9":2,"10":0,"11":0,"12":0,"13":0,"14":0,"15":2,"16":0,"17":0,"18":0,"19":0,"20":2,"21":0,"22":0,"23":0,"24":0,"25":0,"26":0,"27":0,"28":0,"29":0,"30":0,"31":0,"32":2,"33":0,"34":0,"35":0,"36":0,"37":0,"38":0,"39":0,"40":2,"41":0,"42":0,"43":0,"44":0,"45":2,"46":0,"47":0,"48":0,"49":0,"50":2,"51":0,"52":0,"53":0,"54":0,"55":0,"56":0,"57":0,"58":2,"59":0,"60":0,"61":0,"62":0,"63":0,"64":0,"65":0,"66":0,"67":0,"68":0,"69":0,"70":0,"71":0,"72":0,"73":0,"74":0,"75":0,"76":2,"77":2,"78":2,"79":0,"80":0,"81":0,"82":0,"83":0,"84":0,"85":0,"86":0,"87":0,"88":0,"89":0,"90":0,"91":0,"92":0,"93":0,"94":0,"95":0,"96":0,"97":0,"98":0,"99":0,"100":0,"101":0,"102":0,"103":0,"104":0,"105":0,"106":0,"107":0,"108":0,"109":0,"110":0,"111":0,"112":0,"113":0,"114":0,"115":0,"116":0,"117":0,"118":0,"119":0,"120":2,"121":0,"122":0,"123":0,"124":0,"125":0,"126":0,"127":0,"128":0,"129":0,"130":0,"131":0,"132":0,"133":0,"134":0,"135":0,"136":2,"137":0,"138":0,"139":0,"140":0,"141":0,"142":0,"143":0,"144":0,"145":0,"146":0,"147":0,"148":0,"149":0,"150":0,"151":0,"152":2,"153":0,"154":0,"155":0,"156":0,"157":2,"158":0,"159":0,"160":0,"161":0,"162":2,"163":0,"164":0,"165":0,"166":0,"167":2,"168":0,"169":0,"170":2,"171":0,"172":0,"173":0,"174":0,"175":0,"176":0,"177":0,"178":2,"179":0,"180":0,"181":2,"182":0,"183":0,"184":0,"185":0,"186":0,"187":0,"188":2,"189":0,"190":0,"191":0,"192":0},"f":{"0":22,"1":0,"2":0,"3":0,"4":0,"5":0,"6":0,"7":0,"8":0,"9":0,"10":0,"11":0,"12":0,"13":0,"14":0,"15":0,"16":0,"17":0,"18":0,"19":0,"20":0,"21":0,"22":0,"23":0,"24":0,"25":0,"26":0,"27":0,"28":0,"29":0},"b":{"0":[0,0],"1":[0,0],"2":[0,0],"3":[0,0],"4":[0],"5":[0],"6":[0,0],"7":[0,0],"8":[0,0],"9":[0,0],"10":[0,0],"11":[0],"12":[0],"13":[0,0],"14":[0,0],"15":[0,0],"16":[0,0],"17":[0,0],"18":[0,0],"19":[0,0,0,0],"20":[0,0],"21":[0,0],"22":[0,0],"23":[0,0],"24":[0,0],"25":[0,0,0],"26":[0,0],"27":[0,0],"28":[0,0],"29":[0,0],"30":[0,0],"31":[0,0],"32":[0,0],"33":[0,0],"34":[0,0],"35":[0,0],"36":[0,0],"37":[0,0],"38":[0,0],"39":[0,0],"40":[0,0],"41":[0,0],"42":[0,0],"43":[0,0],"44":[0,0],"45":[0,0],"46":[0,0]},"_coverageSchema":"1a1c01bbd47fc00a2c39e90264f33305004495a9","hash":"40c782549fea806bea317333f7785e89482941fc"}
,"/Users/patrickkaiser/IdeaProjects/lrt-webapp/backend/controllers/dashboardController.js": {"path":"/Users/patrickkaiser/IdeaProjects/lrt-webapp/backend/controllers/dashboardController.js","statementMap":{"0":{"start":{"line":1,"column":17},"end":{"line":1,"column":46}},"1":{"start":{"line":2,"column":13},"end":{"line":2,"column":38}},"2":{"start":{"line":3,"column":18},"end":{"line":3,"column":48}},"3":{"start":{"line":5,"column":0},"end":{"line":16,"column":2}},"4":{"start":{"line":6,"column":2},"end":{"line":15,"column":3}},"5":{"start":{"line":7,"column":17},"end":{"line":11,"column":6}},"6":{"start":{"line":12,"column":4},"end":{"line":12,"column":19}},"7":{"start":{"line":14,"column":4},"end":{"line":14,"column":64}},"8":{"start":{"line":18,"column":0},"end":{"line":25,"column":2}},"9":{"start":{"line":19,"column":2},"end":{"line":24,"column":3}},"10":{"start":{"line":20,"column":18},"end":{"line":20,"column":75}},"11":{"start":{"line":21,"column":4},"end":{"line":21,"column":24}},"12":{"start":{"line":23,"column":4},"end":{"line":23,"column":67}},"13":{"start":{"line":27,"column":0},"end":{"line":34,"column":2}},"14":{"start":{"line":28,"column":2},"end":{"line":33,"column":3}},"15":{"start":{"line":29,"column":18},"end":{"line":29,"column":45}},"16":{"start":{"line":30,"column":4},"end":{"line":30,"column":24}},"17":{"start":{"line":32,"column":4},"end":{"line":32,"column":67}},"18":{"start":{"line":36,"column":0},"end":{"line":43,"column":2}},"19":{"start":{"line":37,"column":2},"end":{"line":42,"column":3}},"20":{"start":{"line":38,"column":18},"end":{"line":38,"column":66}},"21":{"start":{"line":39,"column":4},"end":{"line":39,"column":24}},"22":{"start":{"line":41,"column":4},"end":{"line":41,"column":69}},"23":{"start":{"line":45,"column":0},"end":{"line":52,"column":2}},"24":{"start":{"line":46,"column":2},"end":{"line":51,"column":3}},"25":{"start":{"line":47,"column":17},"end":{"line":47,"column":66}},"26":{"start":{"line":48,"column":4},"end":{"line":48,"column":76}},"27":{"start":{"line":50,"column":4},"end":{"line":50,"column":77}}},"fnMap":{"0":{"name":"(anonymous_0)","decl":{"start":{"line":5,"column":23},"end":{"line":5,"column":24}},"loc":{"start":{"line":5,"column":43},"end":{"line":16,"column":1}},"line":5},"1":{"name":"(anonymous_1)","decl":{"start":{"line":18,"column":24},"end":{"line":18,"column":25}},"loc":{"start":{"line":18,"column":44},"end":{"line":25,"column":1}},"line":18},"2":{"name":"(anonymous_2)","decl":{"start":{"line":27,"column":21},"end":{"line":27,"column":22}},"loc":{"start":{"line":27,"column":41},"end":{"line":34,"column":1}},"line":27},"3":{"name":"(anonymous_3)","decl":{"start":{"line":36,"column":21},"end":{"line":36,"column":22}},"loc":{"start":{"line":36,"column":41},"end":{"line":43,"column":1}},"line":36},"4":{"name":"(anonymous_4)","decl":{"start":{"line":45,"column":21},"end":{"line":45,"column":22}},"loc":{"start":{"line":45,"column":41},"end":{"line":52,"column":1}},"line":45}},"branchMap":{"0":{"loc":{"start":{"line":48,"column":21},"end":{"line":48,"column":72}},"type":"binary-expr","locations":[{"start":{"line":48,"column":21},"end":{"line":48,"column":64}},{"start":{"line":48,"column":68},"end":{"line":48,"column":72}}],"line":48}},"s":{"0":2,"1":2,"2":2,"3":2,"4":0,"5":0,"6":0,"7":0,"8":2,"9":0,"10":0,"11":0,"12":0,"13":2,"14":0,"15":0,"16":0,"17":0,"18":2,"19":0,"20":0,"21":0,"22":0,"23":2,"24":0,"25":0,"26":0,"27":0},"f":{"0":0,"1":0,"2":0,"3":0,"4":0},"b":{"0":[0,0]},"_coverageSchema":"1a1c01bbd47fc00a2c39e90264f33305004495a9","hash":"0c61aba32169702ee12f4d3c525e7cdf380b4b36"}
[...]
,"/Users/patrickkaiser/IdeaProjects/lrt-webapp/backend/models/AppSetting.js": {"path":"/Users/patrickkaiser/IdeaProjects/lrt-webapp/backend/models/AppSetting.js","statementMap":{"0":{"start":{"line":2,"column":17},"end":{"line":2,"column":36}},"1":{"start":{"line":4,"column":25},"end":{"line":7,"column":2}},"2":{"start":{"line":9,"column":0},"end":{"line":9,"column":64}}},"fnMap":{},"branchMap":{},"s":{"0":2,"1":2,"2":2},"f":{},"b":{},"_coverageSchema":"1a1c01bbd47fc00a2c39e90264f33305004495a9","hash":"e186c5bc956ab7e841c2660c0d6650380d030f6b"}
,"/Users/patrickkaiser/IdeaProjects/lrt-webapp/backend/models/Betriebssystem.js": {"path":"/Users/patrickkaiser/IdeaProjects/lrt-webapp/backend/models/Betriebssystem.js","statementMap":{"0":{"start":{"line":1,"column":17},"end":{"line":1,"column":36}},"1":{"start":{"line":3,"column":29},"end":{"line":6,"column":24}},"2":{"start":{"line":8,"column":0},"end":{"line":8,"column":91}}},"fnMap":{},"branchMap":{},"s":{"0":2,"1":2,"2":2},"f":{},"b":{},"_coverageSchema":"1a1c01bbd47fc00a2c39e90264f33305004495a9","hash":"7702e7801502b33c61ff0045a3f9c102c39ea161"}
,"/Users/patrickkaiser/IdeaProjects/lrt-webapp/backend/models/Computer.js": {"path":"/Users/patrickkaiser/IdeaProjects/lrt-webapp/backend/models/Computer.js","statementMap":{"0":{"start":{"line":1,"column":17},"end":{"line":1,"column":36}},"1":{"start":{"line":3,"column":23},"end":{"line":64,"column":24}},"2":{"start":{"line":67,"column":0},"end":{"line":67,"column":37}},"3":{"start":{"line":68,"column":0},"end":{"line":68,"column":36}},"4":{"start":{"line":69,"column":0},"end":{"line":69,"column":39}},"5":{"start":{"line":70,"column":0},"end":{"line":70,"column":44}},"6":{"start":{"line":71,"column":0},"end":{"line":71,"column":46}},"7":{"start":{"line":73,"column":0},"end":{"line":73,"column":60}}},"fnMap":{},"branchMap":{},"s":{"0":2,"1":2,"2":2,"3":2,"4":2,"5":2,"6":2,"7":2},"f":{},"b":{},"_coverageSchema":"1a1c01bbd47fc00a2c39e90264f33305004495a9","hash":"38b9b3df3c8693338260faf3844dcadc32638f2e"}
,"/Users/patrickkaiser/IdeaProjects/lrt-webapp/backend/models/DataRequest.js": {"path":"/Users/patrickkaiser/IdeaProjects/lrt-webapp/backend/models/DataRequest.js","statementMap":{"0":{"start":{"line":1,"column":17},"end":{"line":1,"column":36}},"1":{"start":{"line":3,"column":26},"end":{"line":8,"column":24}},"2":{"start":{"line":10,"column":0},"end":{"line":10,"column":66}}},"fnMap":{},"branchMap":{},"s":{"0":2,"1":2,"2":2},"f":{},"b":{},"_coverageSchema":"1a1c01bbd47fc00a2c39e90264f33305004495a9","hash":"18ca022ef741128dfa3fa4d2ef9ac7fa6f5869ea"}
,"/Users/patrickkaiser/IdeaProjects/lrt-webapp/backend/models/FeatureFlag.js": {"path":"/Users/patrickkaiser/IdeaProjects/lrt-webapp/backend/models/FeatureFlag.js","statementMap":{"0":{"start":{"line":2,"column":17},"end":{"line":2,"column":36}},"1":{"start":{"line":4,"column":26},"end":{"line":8,"column":2}},"2":{"start":{"line":10,"column":0},"end":{"line":10,"column":66}}},"fnMap":{},"branchMap":{},"s":{"0":2,"1":2,"2":2},"f":{},"b":{},"_coverageSchema":"1a1c01bbd47fc00a2c39e90264f33305004495a9","hash":"6dad930d2e7826cb5935d1781cd2175082362bf4"}
,"/Users/patrickkaiser/IdeaProjects/lrt-webapp/backend/models/ImportLog.js": {"path":"/Users/patrickkaiser/IdeaProjects/lrt-webapp/backend/models/ImportLog.js","statementMap":{"0":{"start":{"line":1,"column":17},"end":{"line":1,"column":36}},"1":{"start":{"line":3,"column":24},"end":{"line":6,"column":24}},"2":{"start":{"line":8,"column":0},"end":{"line":8,"column":62}}},"fnMap":{},"branchMap":{},"s":{"0":2,"1":2,"2":2},"f":{},"b":{},"_coverageSchema":"1a1c01bbd47fc00a2c39e90264f33305004495a9","hash":"fda3800f86d6ca71ecc661d7defdded4ee28c950"}
,"/Users/patrickkaiser/IdeaProjects/lrt-webapp/backend/models/Kategorie.js": {"path":"/Users/patrickkaiser/IdeaProjects/lrt-webapp/backend/models/Kategorie.js","statementMap":{"0":{"start":{"line":1,"column":17},"end":{"line":1,"column":36}},"1":{"start":{"line":3,"column":24},"end":{"line":12,"column":24}},"2":{"start":{"line":14,"column":0},"end":{"line":14,"column":76}}},"fnMap":{},"branchMap":{},"s":{"0":2,"1":2,"2":2},"f":{},"b":{},"_coverageSchema":"1a1c01bbd47fc00a2c39e90264f33305004495a9","hash":"e847e5355ccd84166d4dc870683cf21b69cb0f83"}
,"/Users/patrickkaiser/IdeaProjects/lrt-webapp/backend/models/Student.js": {"path":"/Users/patrickkaiser/IdeaProjects/lrt-webapp/backend/models/Student.js","statementMap":{"0":{"start":{"line":1,"column":17},"end":{"line":1,"column":36}},"1":{"start":{"line":3,"column":22},"end":{"line":15,"column":24}},"2":{"start":{"line":17,"column":0},"end":{"line":17,"column":58}}},"fnMap":{},"branchMap":{},"s":{"0":2,"1":2,"2":2},"f":{},"b":{},"_coverageSchema":"1a1c01bbd47fc00a2c39e90264f33305004495a9","hash":"fab00b3f46337ad32db549c83f76052fc275320b"}
,"/Users/patrickkaiser/IdeaProjects/lrt-webapp/backend/models/Ticket.js": {"path":"/Users/patrickkaiser/IdeaProjects/lrt-webapp/backend/models/Ticket.js","statementMap":{"0":{"start":{"line":1,"column":17},"end":{"line":1,"column":36}},"1":{"start":{"line":3,"column":22},"end":{"line":7,"column":2}},"2":{"start":{"line":9,"column":21},"end":{"line":17,"column":24}},"3":{"start":{"line":23,"column":0},"end":{"line":23,"column":56}}},"fnMap":{},"branchMap":{},"s":{"0":2,"1":2,"2":2,"3":2},"f":{},"b":{},"_coverageSchema":"1a1c01bbd47fc00a2c39e90264f33305004495a9","hash":"93eb1b59fb3fcb5a0494d42f925fcd74101d5064"}
,"/Users/patrickkaiser/IdeaProjects/lrt-webapp/backend/models/User.js": {"path":"/Users/patrickkaiser/IdeaProjects/lrt-webapp/backend/models/User.js","statementMap":{"0":{"start":{"line":1,"column":17},"end":{"line":1,"column":36}},"1":{"start":{"line":3,"column":19},"end":{"line":11,"column":24}},"2":{"start":{"line":13,"column":0},"end":{"line":13,"column":52}}},"fnMap":{},"branchMap":{},"s":{"0":2,"1":2,"2":2},"f":{},"b":{},"_coverageSchema":"1a1c01bbd47fc00a2c39e90264f33305004495a9","hash":"18193e1d5a506ead390d310ec0b2bdde52998d2e"}
,"/Users/patrickkaiser/IdeaProjects/lrt-webapp/backend/routes/adminRoutes.js": {"path":"/Users/patrickkaiser/IdeaProjects/lrt-webapp/backend/routes/adminRoutes.js","statementMap":{"0":{"start":{"line":2,"column":16},"end":{"line":2,"column":34}},"1":{"start":{"line":4,"column":15},"end":{"line":4,"column":31}},"2":{"start":{"line":5,"column":14},"end":{"line":5,"column":55}},"3":{"start":{"line":6,"column":38},"end":{"line":6,"column":67}},"4":{"start":{"line":8,"column":0},"end":{"line":8,"column":52}},"5":{"start":{"line":8,"column":34},"end":{"line":8,"column":50}},"6":{"start":{"line":10,"column":0},"end":{"line":10,"column":64}},"7":{"start":{"line":12,"column":0},"end":{"line":12,"column":66}},"8":{"start":{"line":15,"column":0},"end":{"line":15,"column":65}},"9":{"start":{"line":16,"column":0},"end":{"line":16,"column":67}},"10":{"start":{"line":17,"column":0},"end":{"line":17,"column":73}},"11":{"start":{"line":19,"column":0},"end":{"line":19,"column":90}},"12":{"start":{"line":20,"column":0},"end":{"line":20,"column":86}},"13":{"start":{"line":23,"column":0},"end":{"line":23,"column":80}},"14":{"start":{"line":24,"column":0},"end":{"line":24,"column":81}},"15":{"start":{"line":26,"column":0},"end":{"line":26,"column":60}},"16":{"start":{"line":27,"column":0},"end":{"line":27,"column":93}},"17":{"start":{"line":28,"column":0},"end":{"line":28,"column":86}},"18":{"start":{"line":31,"column":0},"end":{"line":31,"column":24}}},"fnMap":{"0":{"name":"(anonymous_0)","decl":{"start":{"line":8,"column":20},"end":{"line":8,"column":21}},"loc":{"start":{"line":8,"column":34},"end":{"line":8,"column":50}},"line":8}},"branchMap":{},"s":{"0":2,"1":2,"2":2,"3":2,"4":2,"5":0,"6":2,"7":2,"8":2,"9":2,"10":2,"11":2,"12":2,"13":2,"14":2,"15":2,"16":2,"17":2,"18":2},"f":{"0":0},"b":{},"_coverageSchema":"1a1c01bbd47fc00a2c39e90264f33305004495a9","hash":"9f5971dcb331e7fe1e8cec36e63c9c958f02afd8"}
,"/Users/patrickkaiser/IdeaProjects/lrt-webapp/backend/routes/authRoutes.js": {"path":"/Users/patrickkaiser/IdeaProjects/lrt-webapp/backend/routes/authRoutes.js","statementMap":{"0":{"start":{"line":1,"column":16},"end":{"line":1,"column":34}},"1":{"start":{"line":3,"column":15},"end":{"line":3,"column":31}},"2":{"start":{"line":4,"column":13},"end":{"line":4,"column":53}},"3":{"start":{"line":5,"column":38},"end":{"line":5,"column":67}},"4":{"start":{"line":8,"column":0},"end":{"line":8,"column":59}},"5":{"start":{"line":11,"column":0},"end":{"line":11,"column":40}},"6":{"start":{"line":14,"column":0},"end":{"line":14,"column":66}},"7":{"start":{"line":17,"column":0},"end":{"line":17,"column":34}},"8":{"start":{"line":20,"column":0},"end":{"line":20,"column":40}},"9":{"start":{"line":22,"column":0},"end":{"line":22,"column":24}}},"fnMap":{},"branchMap":{},"s":{"0":2,"1":2,"2":2,"3":2,"4":2,"5":2,"6":2,"7":2,"8":2,"9":2},"f":{},"b":{},"_coverageSchema":"1a1c01bbd47fc00a2c39e90264f33305004495a9","hash":"176b91dd92c1e62b11418ef5c84de764ff2b1596"}
,"/Users/patrickkaiser/IdeaProjects/lrt-webapp/backend/routes/betriebssystemRoutes.js": {"path":"/Users/patrickkaiser/IdeaProjects/lrt-webapp/backend/routes/betriebssystemRoutes.js","statementMap":{"0":{"start":{"line":8,"column":16},"end":{"line":8,"column":34}},"1":{"start":{"line":10,"column":15},"end":{"line":10,"column":31}},"2":{"start":{"line":11,"column":11},"end":{"line":11,"column":61}},"3":{"start":{"line":12,"column":38},"end":{"line":12,"column":67}},"4":{"start":{"line":30,"column":0},"end":{"line":30,"column":28}},"5":{"start":{"line":58,"column":0},"end":{"line":58,"column":55}},"6":{"start":{"line":90,"column":0},"end":{"line":90,"column":59}},"7":{"start":{"line":112,"column":0},"end":{"line":112,"column":75}},"8":{"start":{"line":134,"column":0},"end":{"line":134,"column":68}},"9":{"start":{"line":162,"column":0},"end":{"line":162,"column":70}},"10":{"start":{"line":180,"column":0},"end":{"line":180,"column":79}},"11":{"start":{"line":204,"column":0},"end":{"line":204,"column":67}},"12":{"start":{"line":226,"column":0},"end":{"line":226,"column":66}},"13":{"start":{"line":228,"column":0},"end":{"line":228,"column":24}}},"fnMap":{},"branchMap":{},"s":{"0":2,"1":2,"2":2,"3":2,"4":2,"5":2,"6":2,"7":2,"8":2,"9":2,"10":2,"11":2,"12":2,"13":2},"f":{},"b":{},"_coverageSchema":"1a1c01bbd47fc00a2c39e90264f33305004495a9","hash":"923a68d316bf3ccb0a1ff0a95dff69edd4e51b40"}
,"/Users/patrickkaiser/IdeaProjects/lrt-webapp/backend/routes/computerRoutes.js": {"path":"/Users/patrickkaiser/IdeaProjects/lrt-webapp/backend/routes/computerRoutes.js","statementMap":{"0":{"start":{"line":1,"column":16},"end":{"line":1,"column":34}},"1":{"start":{"line":3,"column":15},"end":{"line":3,"column":31}},"2":{"start":{"line":4,"column":17},"end":{"line":4,"column":61}},"3":{"start":{"line":5,"column":38},"end":{"line":5,"column":67}},"4":{"start":{"line":8,"column":0},"end":{"line":8,"column":53}},"5":{"start":{"line":9,"column":0},"end":{"line":9,"column":53}},"6":{"start":{"line":10,"column":0},"end":{"line":10,"column":66}},"7":{"start":{"line":11,"column":0},"end":{"line":11,"column":67}},"8":{"start":{"line":14,"column":0},"end":{"line":14,"column":69}},"9":{"start":{"line":17,"column":0},"end":{"line":17,"column":50}},"10":{"start":{"line":18,"column":0},"end":{"line":18,"column":37}},"11":{"start":{"line":21,"column":0},"end":{"line":21,"column":45}},"12":{"start":{"line":24,"column":0},"end":{"line":24,"column":69}},"13":{"start":{"line":27,"column":0},"end":{"line":27,"column":73}},"14":{"start":{"line":30,"column":0},"end":{"line":30,"column":89}},"15":{"start":{"line":33,"column":0},"end":{"line":33,"column":82}},"16":{"start":{"line":36,"column":0},"end":{"line":36,"column":85}},"17":{"start":{"line":39,"column":0},"end":{"line":39,"column":73}},"18":{"start":{"line":42,"column":0},"end":{"line":42,"column":45}},"19":{"start":{"line":44,"column":0},"end":{"line":44,"column":24}}},"fnMap":{},"branchMap":{},"s":{"0":2,"1":2,"2":2,"3":2,"4":2,"5":2,"6":2,"7":2,"8":2,"9":2,"10":2,"11":2,"12":2,"13":2,"14":2,"15":2,"16":2,"17":2,"18":2,"19":2},"f":{},"b":{},"_coverageSchema":"1a1c01bbd47fc00a2c39e90264f33305004495a9","hash":"aa74e4ef15faa1cd207cc9900290be799c408072"}
,"/Users/patrickkaiser/IdeaProjects/lrt-webapp/backend/routes/dashboardRoutes.js": {"path":"/Users/patrickkaiser/IdeaProjects/lrt-webapp/backend/routes/dashboardRoutes.js","statementMap":{"0":{"start":{"line":1,"column":16},"end":{"line":1,"column":34}},"1":{"start":{"line":3,"column":15},"end":{"line":3,"column":31}},"2":{"start":{"line":4,"column":13},"end":{"line":4,"column":58}},"3":{"start":{"line":5,"column":38},"end":{"line":5,"column":67}},"4":{"start":{"line":8,"column":0},"end":{"line":8,"column":77}},"5":{"start":{"line":9,"column":0},"end":{"line":9,"column":71}},"6":{"start":{"line":10,"column":0},"end":{"line":10,"column":71}},"7":{"start":{"line":11,"column":0},"end":{"line":11,"column":71}},"8":{"start":{"line":12,"column":0},"end":{"line":12,"column":76}},"9":{"start":{"line":14,"column":0},"end":{"line":14,"column":24}}},"fnMap":{},"branchMap":{},"s":{"0":2,"1":2,"2":2,"3":2,"4":2,"5":2,"6":2,"7":2,"8":2,"9":2},"f":{},"b":{},"_coverageSchema":"1a1c01bbd47fc00a2c39e90264f33305004495a9","hash":"3cd57d38312e01fb86f93ec993051d9d06e5d53c"}
,"/Users/patrickkaiser/IdeaProjects/lrt-webapp/backend/routes/kategorieRoutes.js": {"path":"/Users/patrickkaiser/IdeaProjects/lrt-webapp/backend/routes/kategorieRoutes.js","statementMap":{"0":{"start":{"line":1,"column":16},"end":{"line":1,"column":34}},"1":{"start":{"line":3,"column":15},"end":{"line":3,"column":31}},"2":{"start":{"line":4,"column":18},"end":{"line":4,"column":63}},"3":{"start":{"line":5,"column":38},"end":{"line":5,"column":67}},"4":{"start":{"line":8,"column":0},"end":{"line":8,"column":42}},"5":{"start":{"line":14,"column":0},"end":{"line":14,"column":71}},"6":{"start":{"line":17,"column":0},"end":{"line":17,"column":75}},"7":{"start":{"line":20,"column":0},"end":{"line":20,"column":91}},"8":{"start":{"line":23,"column":0},"end":{"line":23,"column":84}},"9":{"start":{"line":26,"column":0},"end":{"line":26,"column":84}},"10":{"start":{"line":29,"column":0},"end":{"line":29,"column":74}},"11":{"start":{"line":32,"column":0},"end":{"line":32,"column":46}},"12":{"start":{"line":34,"column":0},"end":{"line":34,"column":24}}},"fnMap":{},"branchMap":{},"s":{"0":2,"1":2,"2":2,"3":2,"4":2,"5":2,"6":2,"7":2,"8":2,"9":2,"10":2,"11":2,"12":2},"f":{},"b":{},"_coverageSchema":"1a1c01bbd47fc00a2c39e90264f33305004495a9","hash":"027f182a5ace7509ce09c6a0e7a2522b8dce9cf5"}
,"/Users/patrickkaiser/IdeaProjects/lrt-webapp/backend/routes/metricsRoutes.js": {"path":"/Users/patrickkaiser/IdeaProjects/lrt-webapp/backend/routes/metricsRoutes.js","statementMap":{"0":{"start":{"line":2,"column":16},"end":{"line":2,"column":34}},"1":{"start":{"line":4,"column":15},"end":{"line":4,"column":31}},"2":{"start":{"line":5,"column":23},"end":{"line":5,"column":65}},"3":{"start":{"line":7,"column":0},"end":{"line":10,"column":3}},"4":{"start":{"line":8,"column":15},"end":{"line":8,"column":27}},"5":{"start":{"line":9,"column":2},"end":{"line":9,"column":17}},"6":{"start":{"line":12,"column":0},"end":{"line":12,"column":24}}},"fnMap":{"0":{"name":"(anonymous_0)","decl":{"start":{"line":7,"column":16},"end":{"line":7,"column":17}},"loc":{"start":{"line":7,"column":30},"end":{"line":10,"column":1}},"line":7}},"branchMap":{},"s":{"0":2,"1":2,"2":2,"3":2,"4":0,"5":0,"6":2},"f":{"0":0},"b":{},"_coverageSchema":"1a1c01bbd47fc00a2c39e90264f33305004495a9","hash":"2bb07eeeed8bb5668977ee54009ffaffb8f14861"}
,"/Users/patrickkaiser/IdeaProjects/lrt-webapp/backend/routes/privacyRoutes.js": {"path":"/Users/patrickkaiser/IdeaProjects/lrt-webapp/backend/routes/privacyRoutes.js","statementMap":{"0":{"start":{"line":1,"column":16},"end":{"line":1,"column":34}},"1":{"start":{"line":3,"column":16},"end":{"line":3,"column":32}},"2":{"start":{"line":4,"column":16},"end":{"line":4,"column":59}},"3":{"start":{"line":5,"column":38},"end":{"line":5,"column":67}},"4":{"start":{"line":8,"column":0},"end":{"line":8,"column":58}},"5":{"start":{"line":11,"column":0},"end":{"line":11,"column":70}},"6":{"start":{"line":14,"column":0},"end":{"line":14,"column":77}},"7":{"start":{"line":16,"column":0},"end":{"line":16,"column":24}}},"fnMap":{},"branchMap":{},"s":{"0":2,"1":2,"2":2,"3":2,"4":2,"5":2,"6":2,"7":2},"f":{},"b":{},"_coverageSchema":"1a1c01bbd47fc00a2c39e90264f33305004495a9","hash":"d0ad6d56151cffc37afc2950cc292f36eeb55cb2"}
,"/Users/patrickkaiser/IdeaProjects/lrt-webapp/backend/routes/profileRoutes.js": {"path":"/Users/patrickkaiser/IdeaProjects/lrt-webapp/backend/routes/profileRoutes.js","statementMap":{"0":{"start":{"line":2,"column":16},"end":{"line":2,"column":34}},"1":{"start":{"line":4,"column":15},"end":{"line":4,"column":31}},"2":{"start":{"line":5,"column":24},"end":{"line":5,"column":53}},"3":{"start":{"line":6,"column":16},"end":{"line":6,"column":59}},"4":{"start":{"line":8,"column":0},"end":{"line":8,"column":49}},"5":{"start":{"line":9,"column":0},"end":{"line":9,"column":54}},"6":{"start":{"line":10,"column":0},"end":{"line":10,"column":62}},"7":{"start":{"line":12,"column":0},"end":{"line":12,"column":24}}},"fnMap":{},"branchMap":{},"s":{"0":2,"1":2,"2":2,"3":2,"4":2,"5":2,"6":2,"7":2},"f":{},"b":{},"_coverageSchema":"1a1c01bbd47fc00a2c39e90264f33305004495a9","hash":"bb6612fac13146bd1aad87a95837e69b6baa2b7b"}
,"/Users/patrickkaiser/IdeaProjects/lrt-webapp/backend/routes/studentenRoutes.js": {"path":"/Users/patrickkaiser/IdeaProjects/lrt-webapp/backend/routes/studentenRoutes.js","statementMap":{"0":{"start":{"line":1,"column":16},"end":{"line":1,"column":34}},"1":{"start":{"line":3,"column":15},"end":{"line":3,"column":31}},"2":{"start":{"line":4,"column":16},"end":{"line":4,"column":59}},"3":{"start":{"line":5,"column":38},"end":{"line":5,"column":67}},"4":{"start":{"line":8,"column":0},"end":{"line":8,"column":65}},"5":{"start":{"line":11,"column":0},"end":{"line":11,"column":70}},"6":{"start":{"line":14,"column":0},"end":{"line":14,"column":67}},"7":{"start":{"line":17,"column":0},"end":{"line":17,"column":69}},"8":{"start":{"line":20,"column":0},"end":{"line":20,"column":72}},"9":{"start":{"line":22,"column":0},"end":{"line":22,"column":24}}},"fnMap":{},"branchMap":{},"s":{"0":2,"1":2,"2":2,"3":2,"4":2,"5":2,"6":2,"7":2,"8":2,"9":2},"f":{},"b":{},"_coverageSchema":"1a1c01bbd47fc00a2c39e90264f33305004495a9","hash":"908bb7689529774a4dda41e0699bdf49f0add9e8"}
,"/Users/patrickkaiser/IdeaProjects/lrt-webapp/backend/routes/ticketRoutes.js": {"path":"/Users/patrickkaiser/IdeaProjects/lrt-webapp/backend/routes/ticketRoutes.js","statementMap":{"0":{"start":{"line":1,"column":16},"end":{"line":1,"column":34}},"1":{"start":{"line":3,"column":16},"end":{"line":3,"column":32}},"2":{"start":{"line":4,"column":16},"end":{"line":4,"column":58}},"3":{"start":{"line":5,"column":24},"end":{"line":5,"column":53}},"4":{"start":{"line":8,"column":0},"end":{"line":8,"column":40}},"5":{"start":{"line":10,"column":0},"end":{"line":10,"column":46}},"6":{"start":{"line":12,"column":0},"end":{"line":12,"column":43}},"7":{"start":{"line":14,"column":0},"end":{"line":14,"column":47}},"8":{"start":{"line":16,"column":0},"end":{"line":16,"column":58}},"9":{"start":{"line":18,"column":0},"end":{"line":18,"column":48}},"10":{"start":{"line":20,"column":0},"end":{"line":20,"column":58}},"11":{"start":{"line":22,"column":0},"end":{"line":22,"column":60}},"12":{"start":{"line":24,"column":0},"end":{"line":24,"column":62}},"13":{"start":{"line":26,"column":0},"end":{"line":26,"column":62}},"14":{"start":{"line":28,"column":0},"end":{"line":28,"column":24}}},"fnMap":{},"branchMap":{},"s":{"0":2,"1":2,"2":2,"3":2,"4":2,"5":2,"6":2,"7":2,"8":2,"9":2,"10":2,"11":2,"12":2,"13":2,"14":2},"f":{},"b":{},"_coverageSchema":"1a1c01bbd47fc00a2c39e90264f33305004495a9","hash":"f1277c11311914dba5584cd5964c3fcb08d75d4f"}
}
